

                    SINGLE2014 Diffractometer Control Program
                             RJ ANGEL, LW FINGER
                          BASE VERSION OF 10-Nov-2017
VERSION FOR  Northwestern HUBER ON SMC9300 INTERFACE
NORMAL MODE
Started at:29-NOV-17 10:40


SUCCESSFULLY OPENED MAT FILE:


 Mat File is: acet_p4_171129.mat




 Cell      7.02901   9.08928  11.62016  90.011  98.158  90.009  734.8840

 Peak Centering Parameters
   Minimum Count Rate:  30 cps, Max/Min Ratio:  2.0, Max Time/Step:  10 secs
   Required counts on maximum: 250 cps
   Initial Omega Scan width = 1.00+0.35 tan(th)
   2Theta/omega will be scanned
   Chi scan parameters:    31 steps, width parameter =  0.25
   Final omega scan:  51 steps, width = 0.30+0.35 tan(th)
   Slit settings: Motor 5 = 2.00 Motor 6 = 9.00

   Final omega scan will be fit by PROFILE

   Refinement flags for fitting final omega scans:
   Value of eta is fixed at: 0.00
   Intensity ratio of omega scans is not refined


   Current 2 wavelengths are: 0.709316 and 0.713606   Intensity ratio = 0.555



Current Device is DAC        with following constraints:
  Fixed Phi Mode, Psi(max) = 90.0



29-NOV-17:10:40:SINGLE>list


 NO     H     K     L    TTH      OMEGA     CHI      PHI   REF  USE INTENSITY
  1   2.0  -0.0  -4.0   17.073    0.833   -6.004    0.000    8    1      471
  2   1.0  -0.0  -3.0   11.371    1.168  -18.215    0.000    8    1      517
  3   2.0  -1.0  -1.0   12.563  -21.258   31.234    0.000    8    1      486
  4   2.0   1.0  -1.0   12.562   20.507   32.634    0.000    8    1      496
  5   2.0   0.0  -2.0   12.792    0.140   16.090    0.000    8    1      324
  6   2.0  -1.0   1.0   13.468  -20.752   64.842    0.000    8    1      164
  7   1.0  -1.0   3.0   13.594  -21.110  104.244    0.000    8    1      187
  8   1.0   1.0   3.0   13.596   17.381  104.397    0.000    8    1      188
  9   1.0  -1.0   4.0   16.708  -17.448  110.029    0.000    8    1      405
 10   1.0   1.0   4.0   16.713   13.703  110.027    0.000    8    1      415
 11   3.0  -1.0   0.0   18.159  -15.219   48.876    0.000    8    1      182
 12   3.0   1.0  -2.0   18.572   13.794   26.822    0.000    8    1      182
 13   2.0   0.0   4.0   19.671   -1.808   94.930    0.000    8    1       89
 14  -3.0   1.0   3.0   19.762   12.998 -164.347    0.000    8    1      200
 15   4.0   0.0   2.0   25.567   -1.324   65.314    0.000    8    1      165

29-NOV-17:10:40:SINGLE>dvls 7
29-NOV-17:10:40:SINGLE>cntr
 Angles:    13.661  -20.910  104.077    0.000, Rate:   176.800
   Zero:    -0.001, Width:  0.057 Eta:  0.000
 Calculated indices:   1.01  -0.99   3.01
Add to Reflection List<Y,N>,<Y>?y
29-NOV-17:10:51:SINGLE>list


 NO     H     K     L    TTH      OMEGA     CHI      PHI   REF  USE INTENSITY
  1   2.0  -0.0  -4.0   17.073    0.833   -6.004    0.000    8    1      471
  2   1.0  -0.0  -3.0   11.371    1.168  -18.215    0.000    8    1      517
  3   2.0  -1.0  -1.0   12.563  -21.258   31.234    0.000    8    1      486
  4   2.0   1.0  -1.0   12.562   20.507   32.634    0.000    8    1      496
  5   2.0   0.0  -2.0   12.792    0.140   16.090    0.000    8    1      324
  6   2.0  -1.0   1.0   13.468  -20.752   64.842    0.000    8    1      164
  7   1.0  -1.0   3.0   13.594  -21.110  104.244    0.000    8    1      187
  8   1.0   1.0   3.0   13.596   17.381  104.397    0.000    8    1      188
  9   1.0  -1.0   4.0   16.708  -17.448  110.029    0.000    8    1      405
 10   1.0   1.0   4.0   16.713   13.703  110.027    0.000    8    1      415
 11   3.0  -1.0   0.0   18.159  -15.219   48.876    0.000    8    1      182
 12   3.0   1.0  -2.0   18.572   13.794   26.822    0.000    8    1      182
 13   2.0   0.0   4.0   19.671   -1.808   94.930    0.000    8    1       89
 14  -3.0   1.0   3.0   19.762   12.998 -164.347    0.000    8    1      200
 15   4.0   0.0   2.0   25.567   -1.324   65.314    0.000    8    1      165
 16   1.0  -1.0   3.0   13.661  -20.910  104.077    0.000    2    1      176

29-NOV-17:10:51:SINGLE>del 7


 NO     H     K     L    TTH      OMEGA     CHI      PHI   REF  USE INTENSITY
  1   2.0  -0.0  -4.0   17.073    0.833   -6.004    0.000    8    1      471
  2   1.0  -0.0  -3.0   11.371    1.168  -18.215    0.000    8    1      517
  3   2.0  -1.0  -1.0   12.563  -21.258   31.234    0.000    8    1      486
  4   2.0   1.0  -1.0   12.562   20.507   32.634    0.000    8    1      496
  5   2.0   0.0  -2.0   12.792    0.140   16.090    0.000    8    1      324
  6   2.0  -1.0   1.0   13.468  -20.752   64.842    0.000    8    1      164
  7   1.0   1.0   3.0   13.596   17.381  104.397    0.000    8    1      188
  8   1.0  -1.0   4.0   16.708  -17.448  110.029    0.000    8    1      405
  9   1.0   1.0   4.0   16.713   13.703  110.027    0.000    8    1      415
 10   3.0  -1.0   0.0   18.159  -15.219   48.876    0.000    8    1      182
 11   3.0   1.0  -2.0   18.572   13.794   26.822    0.000    8    1      182
 12   2.0   0.0   4.0   19.671   -1.808   94.930    0.000    8    1       89
 13  -3.0   1.0   3.0   19.762   12.998 -164.347    0.000    8    1      200
 14   4.0   0.0   2.0   25.567   -1.324   65.314    0.000    8    1      165
 15   1.0  -1.0   3.0   13.661  -20.910  104.077    0.000    2    1      176

29-NOV-17:10:51:SINGLE>dvls 8
29-NOV-17:10:51:SINGLE>cntr
 Angles:    16.786  -17.228  109.802    0.000, Rate:   430.400
   Zero:    -0.041, Width:  0.061 Eta:  0.000
 Calculated indices:   1.02  -0.99   4.01
Add to Reflection List<Y,N>,<Y>?y
29-NOV-17:10:56:SINGLE>list


 NO     H     K     L    TTH      OMEGA     CHI      PHI   REF  USE INTENSITY
  1   2.0  -0.0  -4.0   17.073    0.833   -6.004    0.000    8    1      471
  2   1.0  -0.0  -3.0   11.371    1.168  -18.215    0.000    8    1      517
  3   2.0  -1.0  -1.0   12.563  -21.258   31.234    0.000    8    1      486
  4   2.0   1.0  -1.0   12.562   20.507   32.634    0.000    8    1      496
  5   2.0   0.0  -2.0   12.792    0.140   16.090    0.000    8    1      324
  6   2.0  -1.0   1.0   13.468  -20.752   64.842    0.000    8    1      164
  7   1.0   1.0   3.0   13.596   17.381  104.397    0.000    8    1      188
  8   1.0  -1.0   4.0   16.708  -17.448  110.029    0.000    8    1      405
  9   1.0   1.0   4.0   16.713   13.703  110.027    0.000    8    1      415
 10   3.0  -1.0   0.0   18.159  -15.219   48.876    0.000    8    1      182
 11   3.0   1.0  -2.0   18.572   13.794   26.822    0.000    8    1      182
 12   2.0   0.0   4.0   19.671   -1.808   94.930    0.000    8    1       89
 13  -3.0   1.0   3.0   19.762   12.998 -164.347    0.000    8    1      200
 14   4.0   0.0   2.0   25.567   -1.324   65.314    0.000    8    1      165
 15   1.0  -1.0   3.0   13.661  -20.910  104.077    0.000    2    1      176
 16   1.0  -1.0   4.0   16.786  -17.228  109.802    0.000    2    1      430

29-NOV-17:10:56:SINGLE>del 8


 NO     H     K     L    TTH      OMEGA     CHI      PHI   REF  USE INTENSITY
  1   2.0  -0.0  -4.0   17.073    0.833   -6.004    0.000    8    1      471
  2   1.0  -0.0  -3.0   11.371    1.168  -18.215    0.000    8    1      517
  3   2.0  -1.0  -1.0   12.563  -21.258   31.234    0.000    8    1      486
  4   2.0   1.0  -1.0   12.562   20.507   32.634    0.000    8    1      496
  5   2.0   0.0  -2.0   12.792    0.140   16.090    0.000    8    1      324
  6   2.0  -1.0   1.0   13.468  -20.752   64.842    0.000    8    1      164
  7   1.0   1.0   3.0   13.596   17.381  104.397    0.000    8    1      188
  8   1.0   1.0   4.0   16.713   13.703  110.027    0.000    8    1      415
  9   3.0  -1.0   0.0   18.159  -15.219   48.876    0.000    8    1      182
 10   3.0   1.0  -2.0   18.572   13.794   26.822    0.000    8    1      182
 11   2.0   0.0   4.0   19.671   -1.808   94.930    0.000    8    1       89
 12  -3.0   1.0   3.0   19.762   12.998 -164.347    0.000    8    1      200
 13   4.0   0.0   2.0   25.567   -1.324   65.314    0.000    8    1      165
 14   1.0  -1.0   3.0   13.661  -20.910  104.077    0.000    2    1      176
 15   1.0  -1.0   4.0   16.786  -17.228  109.802    0.000    2    1      430

29-NOV-17:10:56:SINGLE>com 7,8
 Observed Angle:    6.55,    Calculated:    6.56

 Orientation Matrix:
     0.09372    -0.00137    -0.05719
    -0.00214     0.10996    -0.00270
     0.10894     0.00337     0.06542
COM: Do You Wish to Update Matrix<Y,N>?y
29-NOV-17:10:56:SINGLE>list


 NO     H     K     L    TTH      OMEGA     CHI      PHI   REF  USE INTENSITY
  1   2.0  -0.0  -4.0   17.073    0.833   -6.004    0.000    8    1      471
  2   1.0  -0.0  -3.0   11.371    1.168  -18.215    0.000    8    1      517
  3   2.0  -1.0  -1.0   12.563  -21.258   31.234    0.000    8    1      486
  4   2.0   1.0  -1.0   12.562   20.507   32.634    0.000    8    1      496
  5   2.0   0.0  -2.0   12.792    0.140   16.090    0.000    8    1      324
  6   2.0  -1.0   1.0   13.468  -20.752   64.842    0.000    8    1      164
  7   1.0   1.0   3.0   13.596   17.381  104.397    0.000    8    1      188
  8   1.0   1.0   4.0   16.713   13.703  110.027    0.000    8    1      415
  9   3.0  -1.0   0.0   18.159  -15.219   48.876    0.000    8    1      182
 10   3.0   1.0  -2.0   18.572   13.794   26.822    0.000    8    1      182
 11   2.0   0.0   4.0   19.671   -1.808   94.930    0.000    8    1       89
 12  -3.0   1.0   3.0   19.762   12.998 -164.347    0.000    8    1      200
 13   4.0   0.0   2.0   25.567   -1.324   65.314    0.000    8    1      165
 14   1.0  -1.0   3.0   13.661  -20.910  104.077    0.000    2    1      176
 15   1.0  -1.0   4.0   16.786  -17.228  109.802    0.000    2    1      430

29-NOV-17:10:56:SINGLE>zref

 Mat File is: acet_p4_171129.mat

 Peak Centering Parameters
   Minimum Count Rate:  30 cps, Max/Min Ratio:  2.0, Max Time/Step:  10 secs
   Required counts on maximum: 250 cps
   Initial Omega Scan width = 1.00+0.35 tan(th)
   2Theta/omega will be scanned
   Chi scan parameters:    31 steps, width parameter =  0.25
   Final omega scan:  51 steps, width = 0.30+0.35 tan(th)
   Slit settings: Motor 5 = 2.00 Motor 6 = 9.00

   Final omega scan will be fit by PROFILE

   Refinement flags for fitting final omega scans:
   Value of eta is fixed at: 0.00
   Intensity ratio of omega scans is not refined


   Current 2 wavelengths are: 0.709316 and 0.713606   Intensity ratio = 0.555


   There are 15 reflections with the USE flag set for this crystal

  Continue with these parameters <Y/N>?y
  Do you want centering on calc positions or list angles? (C,A)<C>:
  Do you want the chi order of measurement to be optimised? (Y,N)<N>:
  Do you want centering to continue after failures? (Y,N)<N>:

 Centering Reflection No.  1 : hkl=   2.0 -0.0 -4.0
 Reflection  1 of 15

     2Theta    Omega      Chi      Phi    Intens Width  Chi2   Eta
    17.0975   0.7651  -5.9050   0.0000       501 0.061     4  0.00
   -17.0800   0.7585  -5.9825   0.0000       509 0.061     3  0.00
   -17.0950  -0.7624 174.0225   0.0000       476 0.062     4  0.00
    16.9600  -0.6906 173.9025   0.0000       530 0.060     4  0.00
    17.0050  -0.7166 185.8950 180.0000       486 0.059     6  0.00
   -17.0875  -0.7653 185.9625 180.0000       503 0.059     6  0.00
   -17.0600   0.7415   6.0200 180.0000       449 0.061     3  0.00
    17.1875   0.7033   6.0600 180.0000       481 0.058     5  0.00

                             Averages:       492 0.060     4  0.00
                                Esd's:        24 0.002     1  0.00
                          ESD/Average:     0.050 0.026 0.205  0.00

     TRUE ANGLES:    17.0938    0.7606   -5.9875    0.0000
          ZEROES:    -0.0091   -0.0003   -0.0031
 CRYSTAL OFFSETS:     0.0246    0.0951    0.0448
         DELTA-H:    -0.0227

 Successes so far:  1, Fails:  0


 Centering Reflection No.  2 : hkl=   1.0 -0.0 -3.0
 Reflection  2 of 15

     2Theta    Omega      Chi      Phi    Intens Width  Chi2   Eta
    11.3750   1.0544 -18.1825   0.0000       541 0.057     3  0.00
   -11.3475   1.0239 -18.2275   0.0000       479 0.057     2  0.00
   -11.3750  -1.0435 161.7575   0.0000       506 0.057     2  0.00
    11.3475  -1.0206 161.5725   0.0000       542 0.057     2  0.00
    11.4125  -1.0547 198.1650 180.0000       532 0.059     3  0.00
   -11.3800  -1.0471 198.2450 180.0000       512 0.056     3  0.00
   -11.3700   1.0300  18.2025 180.0000       488 0.057     2  0.00
    11.4000   1.0238  18.3350 180.0000       497 0.058     4  0.00

                             Averages:       512 0.057     3  0.00
                                Esd's:        24 0.001     0  0.00
                          ESD/Average:     0.047 0.014 0.321  0.00

     TRUE ANGLES:    11.3859    1.0406  -18.2534    0.0000
          ZEROES:     0.0078   -0.0003   -0.0166
 CRYSTAL OFFSETS:     0.0275    0.0857    0.0390
         DELTA-H:    -0.0189

 Successes so far:  2, Fails:  0


 Centering Reflection No.  3 : hkl=   2.0 -1.0 -1.0
 Reflection  3 of 15

     2Theta    Omega      Chi      Phi    Intens Width  Chi2   Eta
    12.4475 -21.2153  31.5925   0.0000       466 0.057     2  0.00
   -12.6675 -21.2727  31.4575   0.0000       503 0.062     2  0.00
   -12.5350  21.2905 211.4500   0.0000       495 0.058     3  0.00
    12.6425  21.3258 211.3850   0.0000       491 0.060     3  0.00
    12.6275  21.2811 148.4500 180.0000       495 0.057     2  0.00
   -12.5500  21.2658 148.5400 180.0000       493 0.058     3  0.00
   -12.5750 -21.3636 -31.4400 180.0000       477 0.057     3  0.00
    12.5350 -21.2941 -31.4200 180.0000       471 0.057     2  0.00

                             Averages:       486 0.058     3  0.00
                                Esd's:        13 0.002     0  0.00
                          ESD/Average:     0.027 0.030 0.116  0.00

     TRUE ANGLES:    12.6169  -21.3164   31.4694    0.0000
          ZEROES:    -0.0094   -0.0025    0.0019
 CRYSTAL OFFSETS:     0.0057    0.0898    0.0480
         DELTA-H:    -0.0000

 Successes so far:  3, Fails:  0


 Centering Reflection No.  4 : hkl=   2.0  1.0 -1.0
 Reflection  4 of 15

     2Theta    Omega      Chi      Phi    Intens Width  Chi2   Eta
    12.5500  20.7936  32.7600   0.0000       473 0.060     3  0.00
   -12.5275  20.7209  32.7050   0.0000       499 0.057     4  0.00
   -12.5650 -20.8273 212.6350   0.0000       489 0.061     2  0.00
    12.4300 -20.6975 212.6500   0.0000       504 0.058     3  0.00
    12.4600 -20.6869 147.1850 180.0000       492 0.058     3  0.00
   -12.5725 -20.7752 147.3050 180.0000       488 0.060     3  0.00
   -12.4700  20.6972 -32.6450 180.0000       489 0.061     3  0.00
    12.5750  20.8000 -32.6400 180.0000       471 0.057     3  0.00

                             Averages:       488 0.059     3  0.00
                                Esd's:        11 0.002     0  0.00
                          ESD/Average:     0.023 0.032 0.140  0.00

     TRUE ANGLES:    12.6172   20.7732   32.6931    0.0000
          ZEROES:    -0.0150   -0.0044   -0.0056
 CRYSTAL OFFSETS:     0.0045    0.0928    0.0269
         DELTA-H:    -0.0115

 Successes so far:  4, Fails:  0


 Centering Reflection No.  5 : hkl=   2.0  0.0 -2.0
 Reflection  5 of 15

     2Theta    Omega      Chi      Phi    Intens Width  Chi2   Eta
    12.7875   0.1892  16.2925   0.0000       365 0.060     2  0.00
   -12.7750   0.1552  16.1900   0.0000       297 0.060     2  0.00
   -12.7825  -0.1911 196.1625   0.0000       314 0.056     2  0.00
    12.7775  -0.1466 196.0925   0.0000       310 0.057     2  0.00
    12.7800  -0.1566 163.6750 180.0000       314 0.057     3  0.00
   -12.8225  -0.1693 163.8000 180.0000       312 0.059     2  0.00
   -12.7925   0.1459 -16.2175 180.0000       299 0.060     3  0.00
    12.7925   0.1737 -16.1150 180.0000       300 0.061     4  0.00

                             Averages:       314 0.059     2  0.00
                                Esd's:        21 0.002     0  0.00
                          ESD/Average:     0.070 0.030 0.223  0.00

     TRUE ANGLES:    12.8185    0.1697   16.1994    0.0000
          ZEROES:    -0.0044   -0.0021   -0.0150
 CRYSTAL OFFSETS:     0.0099    0.0495    0.0512
         DELTA-H:     0.0024

 Successes so far:  5, Fails:  0


 Centering Reflection No.  6 : hkl=   2.0 -1.0  1.0
 Reflection  6 of 15

     2Theta    Omega      Chi      Phi    Intens Width  Chi2   Eta
    13.6225 -20.6485  64.9850   0.0000       173 0.057     3  0.00
   -13.4625 -20.6510  65.0350   0.0000       144 0.063     3  0.00
   -13.6250  20.6797 244.9400   0.0000       167 0.056     3  0.00
    13.4800  20.6970 245.0025   0.0000       168 0.063     3  0.00
    13.4800  20.6243 114.9600 180.0000       179 0.061     3  0.00
   -13.5425  20.5914 114.9275 180.0000       144 0.062     2  0.00
   -13.4650 -20.7182 -64.9525 180.0000       175 0.059     3  0.00
    13.5150 -20.6382 -65.0475 180.0000       156 0.058     4  0.00

                             Averages:       163 0.060     3  0.00
                                Esd's:        13 0.003     0  0.00
                          ESD/Average:     0.084 0.045 0.169  0.00

     TRUE ANGLES:    13.5572  -20.6299   65.0094    0.0000
          ZEROES:     0.0003   -0.0078   -0.0187
 CRYSTAL OFFSETS:     0.0262    0.0081   -0.0183
         DELTA-H:    -0.0138

 Successes so far:  6, Fails:  0


 Centering Reflection No.  7 : hkl=   1.0  1.0  3.0
 Reflection  7 of 15

     2Theta    Omega      Chi      Phi    Intens Width  Chi2   Eta
    13.6200  17.7699 104.2225   0.0000       190 0.060     3  0.00
   -13.5525  17.6913 104.3300   0.0000       192 0.057     3  0.00
   -13.5975 -17.8464 284.2925   0.0000       184 0.059     3  0.00
    13.5825 -17.7434 284.3400   0.0000       175 0.060     2  0.00
    13.5950 -17.7090  75.7375 180.0000       182 0.060     3  0.00
   -13.7550 -17.6982  75.6475 180.0000       172 0.058     2  0.00
   -13.6225  17.7478-104.3200 180.0000       193 0.058     4  0.00
    13.6000  17.8210-104.3725 180.0000       168 0.057     3  0.00

                             Averages:       182 0.059     3  0.00
                                Esd's:         9 0.001     0  0.00
                          ESD/Average:     0.051 0.022 0.199  0.00

     TRUE ANGLES:    13.6766   17.7671  104.3116    0.0000
          ZEROES:    -0.0162   -0.0040   -0.0153
 CRYSTAL OFFSETS:     0.0320    0.0871    0.0308
         DELTA-H:    -0.0061

 Successes so far:  7, Fails:  0


 Centering Reflection No.  8 : hkl=   1.0  1.0  4.0
 Reflection  8 of 15

     2Theta    Omega      Chi      Phi    Intens Width  Chi2   Eta
    16.7200  14.1038 109.8450   0.0000       406 0.062     3  0.00
   -16.6975  14.0280 109.9425   0.0000       431 0.062     4  0.00
   -16.7225 -14.1564 289.9225   0.0000       411 0.062     5  0.00
    16.7150 -14.0520 289.9725   0.0000       423 0.059     3  0.00
    16.7325 -14.0328  70.0875 180.0000       387 0.059     4  0.00
   -16.7325 -14.0817  70.0150 180.0000       432 0.060     5  0.00
   -16.7525  14.0508-109.9600 180.0000       425 0.060     5  0.00
    16.7100  14.1297-110.0200 180.0000       431 0.060     4  0.00

                             Averages:       418 0.060     4  0.00
                                Esd's:        15 0.001     0  0.00
                          ESD/Average:     0.038 0.021 0.152  0.00

     TRUE ANGLES:    16.7998   14.0786  109.9450    0.0000
          ZEROES:    -0.0034   -0.0030   -0.0244
 CRYSTAL OFFSETS:     0.0232    0.1260    0.0646
         DELTA-H:    -0.0115

 Successes so far:  8, Fails:  0


 Centering Reflection No.  9 : hkl=   3.0 -1.0  0.0
 Reflection  9 of 15

     2Theta    Omega      Chi      Phi    Intens Width  Chi2   Eta
    18.1375 -15.0702  49.0925   0.0000       193 0.063     3  0.00
   -18.1675 -15.1571  49.0650   0.0000       188 0.061     2  0.00
   -18.3825  15.2076 229.0275   0.0000       206 0.064     3  0.00
    18.1325  15.2221 229.0200   0.0000       202 0.060     4  0.00
    18.1800  15.1376 130.8625 180.0000       194 0.059     4  0.00
   -18.2800  15.1363 130.9050 180.0000       202 0.061     4  0.00
   -18.1750 -15.2051 -49.0375 180.0000       184 0.062     3  0.00
    18.2075 -15.1310 -49.0225 180.0000       193 0.063     3  0.00

                             Averages:       195 0.062     3  0.00
                                Esd's:         7 0.002     0  0.00
                          ESD/Average:     0.038 0.027 0.129  0.00

     TRUE ANGLES:    18.2520  -15.1364   49.0622    0.0000
          ZEROES:    -0.0434   -0.0042   -0.0109
 CRYSTAL OFFSETS:     0.0017    0.0895    0.0261
         DELTA-H:    -0.0027

 Successes so far:  9, Fails:  0


 Centering Reflection No. 10 : hkl=   3.0  1.0 -2.0
 Reflection 10 of 15

     2Theta    Omega      Chi      Phi    Intens Width  Chi2   Eta
    18.6750  13.9650  26.9575   0.0000       199 0.061     3  0.00
   -18.6500  14.0020  26.9225   0.0000       178 0.066     2  0.00
   -18.6000 -14.0312 206.8500   0.0000       202 0.065     3  0.00
    18.6225 -13.9927 206.8500   0.0000       160 0.064     2  0.00
    18.5450 -13.9530 153.0350 180.0000       199 0.061     3  0.00
   -18.6775 -13.9602 153.0675 180.0000       168 0.064     2  0.00
   -18.5625  13.9513 -26.8925 180.0000       190 0.065     3  0.00
    18.6750  13.9744 -26.8675 180.0000       147 0.064     3  0.00

                             Averages:       180 0.064     3  0.00
                                Esd's:        20 0.002     0  0.00
                          ESD/Average:     0.113 0.029 0.159  0.00

     TRUE ANGLES:    18.6339   13.9942   26.9047    0.0000
          ZEROES:     0.0034   -0.0038   -0.0097
 CRYSTAL OFFSETS:    -0.0002    0.0961    0.0179
         DELTA-H:     0.0100

 Successes so far: 10, Fails:  0


 Centering Reflection No. 11 : hkl=   2.0  0.0  4.0
 Reflection 11 of 15

     2Theta    Omega      Chi      Phi    Intens Width  Chi2   Eta
    19.5975  -1.4436  94.8375   0.0000        86 0.065     2  0.00
   -19.6800  -1.5666  94.8875   0.0000        88 0.064     2  0.00
   -19.7450   1.4876 274.8625   0.0000        87 0.070     1  0.00
    19.5725   1.6346 274.8900   0.0000        81 0.064     3  0.00
    19.5950   1.5990  85.1675 180.0000        86 0.063     4  0.00
   -19.6650   1.4695  85.0925 180.0000        76 0.064     4  0.00
   -19.6075  -1.6326 -94.8625 180.0000        87 0.064     3  0.00
    19.3325  -1.3049 -94.9375 180.0000        76 0.066     3  0.00

                             Averages:        83 0.065     3  0.00
                                Esd's:         4 0.002     0  0.00
                          ESD/Average:     0.059 0.037 0.272  0.00

     TRUE ANGLES:    19.7812   -1.5245   94.8772    0.0000
          ZEROES:    -0.0750   -0.0071   -0.0078
 CRYSTAL OFFSETS:     0.0386    0.0583    0.0262
         DELTA-H:    -0.0084

 Successes so far: 11, Fails:  0


 Centering Reflection No. 12 : hkl=  -3.0  1.0  3.0
 Reflection 12 of 15

     2Theta    Omega      Chi      Phi    Intens Width  Chi2   Eta
    19.6225  13.1943-164.2575   0.0000       203 0.063     3  0.00
   -19.6850  13.0263-164.2075   0.0000       204 0.061     5  0.00
   -19.7650 -13.0958  15.8325   0.0000       198 0.060     4  0.00
    19.7275 -13.0360  15.9250   0.0000       201 0.063     5  0.00
    19.7025 -13.0412 344.2425 180.0000       188 0.064     4  0.00
   -19.8725 -13.0693 344.2075 180.0000       200 0.062     4  0.00
   -19.8275  13.0894 164.1475 180.0000       206 0.059     4  0.00
    19.8825  13.0376 164.0875 180.0000       208 0.062     3  0.00

                             Averages:       201 0.062     4  0.00
                                Esd's:         6 0.002     0  0.00
                          ESD/Average:     0.031 0.028 0.167  0.00

     TRUE ANGLES:    19.8116   13.0862 -164.1741    0.0000
          ZEROES:    -0.0269   -0.0003   -0.0028
 CRYSTAL OFFSETS:     0.0090    0.0486    0.0479
         DELTA-H:     0.0067

 Successes so far: 12, Fails:  0


 Centering Reflection No. 13 : hkl=   4.0  0.0  2.0
 Reflection 13 of 15

     2Theta    Omega      Chi      Phi    Intens Width  Chi2   Eta
 Failure in Center: peak too weak on initial omega scan
MOTOR POSITIONS AFTER FAILURE OF CENTER:
   25.5625   -1.2937   65.3075    0.0000
 Reflection Not Found

 Centering Reflection No. 14 : hkl=   1.0 -1.0  3.0
 Reflection 14 of 15

     2Theta    Omega      Chi      Phi    Intens Width  Chi2   Eta
    13.6650 -20.9142 104.0650   0.0000       182 0.058     3  0.00
   -13.6275 -20.9327 104.1675   0.0000       199 0.059     3  0.00
   -13.6375  20.9355 284.1150   0.0000       177 0.059     2  0.00
    13.6950  20.9604 284.1600   0.0000       177 0.058     3  0.00
    13.6675  20.9026  75.8900 180.0000       172 0.057     3  0.00
   -13.6900  20.9182  75.8200 180.0000       179 0.058     4  0.00
   -13.6750 -20.9772-104.1625 180.0000       165 0.059     2  0.00
    13.6900 -20.9702-104.1650 180.0000       170 0.060     3  0.00

                             Averages:       178 0.059     3  0.00
                                Esd's:        10 0.001     0  0.00
                          ESD/Average:     0.058 0.016 0.209  0.00

     TRUE ANGLES:    13.6772  -20.9378  104.1406    0.0000
          ZEROES:     0.0109   -0.0042   -0.0137
 CRYSTAL OFFSETS:     0.0266    0.0270    0.0136
         DELTA-H:     0.0028

 Successes so far: 13, Fails:  1


 Centering Reflection No. 15 : hkl=   1.0 -1.0  4.0
 Reflection 15 of 15

     2Theta    Omega      Chi      Phi    Intens Width  Chi2   Eta
    16.7775 -17.2367 109.8225   0.0000       465 0.062     2  0.00
   -16.8075 -17.2332 109.9000   0.0000       438 0.059     4  0.00
   -16.7875  17.2720 289.8575   0.0000       440 0.061     2  0.00
    16.7950  17.2999 289.9475   0.0000       359 0.065     3  0.00
    16.7800  17.2411  70.1475 180.0000       431 0.060     7  0.00
   -16.7950  17.2491  70.0775 180.0000       422 0.061     5  0.00
   -16.8100 -17.2994-109.8925 180.0000       430 0.064     3  0.00
    16.8225 -17.2986-109.9075 180.0000       380 0.059     4  0.00

                             Averages:       420 0.061     4  0.00
                                Esd's:        34 0.002     1  0.00
                          ESD/Average:     0.082 0.033 0.342  0.00

     TRUE ANGLES:    16.8012  -17.2669  109.8878    0.0000
          ZEROES:    -0.0031   -0.0023   -0.0059
 CRYSTAL OFFSETS:     0.0253    0.0709    0.0482
         DELTA-H:     0.0225

 Successes so far: 14, Fails:  1



   AVERAGE ZEROES AND OFFSETS FROM 14 REFLECTIONS WITH 4 OR 8 EQUIVALENTS
     Angles:    -0.013   -0.003   -0.011
     DeltaH:    -0.004
       Xtal:     0.018    0.073    0.033

29-NOV-17:16:04:SINGLE>list


 NO     H     K     L    TTH      OMEGA     CHI      PHI   REF  USE INTENSITY
  1   2.0  -0.0  -4.0   17.094    0.761   -5.987    0.000    8    1      492
  2   1.0  -0.0  -3.0   11.386    1.041  -18.253    0.000    8    1      512
  3   2.0  -1.0  -1.0   12.617  -21.316   31.469    0.000    8    1      486
  4   2.0   1.0  -1.0   12.617   20.773   32.693    0.000    8    1      488
  5   2.0   0.0  -2.0   12.819    0.170   16.199    0.000    8    1      314
  6   2.0  -1.0   1.0   13.557  -20.630   65.009    0.000    8    1      163
  7   1.0   1.0   3.0   13.677   17.767  104.312    0.000    8    1      182
  8   1.0   1.0   4.0   16.800   14.079  109.945    0.000    8    1      418
  9   3.0  -1.0   0.0   18.252  -15.136   49.062    0.000    8    1      195
 10   3.0   1.0  -2.0   18.634   13.994   26.905    0.000    8    1      180
 11   2.0   0.0   4.0   19.781   -1.524   94.877    0.000    8    1       83
 12  -3.0   1.0   3.0   19.812   13.086 -164.174    0.000    8    1      201
 13   4.0   0.0   2.0   25.567   -1.324   65.314    0.000    0    0        0
 14   1.0  -1.0   3.0   13.677  -20.938  104.141    0.000    8    1      178
 15   1.0  -1.0   4.0   16.801  -17.267  109.888    0.000    8    1      420

29-NOV-17:16:05:SINGLE>dvls 13
29-NOV-17:16:06:SINGLE>cntr
 **********ERROR**********
Diffractometer halted by user
29-NOV-17:16:08:SINGLE>omit 1,-15


 NO     H     K     L    TTH      OMEGA     CHI      PHI   REF  USE INTENSITY
  1   2.0  -0.0  -4.0   17.094    0.761   -5.987    0.000    8    0      492
  2   1.0  -0.0  -3.0   11.386    1.041  -18.253    0.000    8    0      512
  3   2.0  -1.0  -1.0   12.617  -21.316   31.469    0.000    8    0      486
  4   2.0   1.0  -1.0   12.617   20.773   32.693    0.000    8    0      488
  5   2.0   0.0  -2.0   12.819    0.170   16.199    0.000    8    0      314
  6   2.0  -1.0   1.0   13.557  -20.630   65.009    0.000    8    0      163
  7   1.0   1.0   3.0   13.677   17.767  104.312    0.000    8    0      182
  8   1.0   1.0   4.0   16.800   14.079  109.945    0.000    8    0      418
  9   3.0  -1.0   0.0   18.252  -15.136   49.062    0.000    8    0      195
 10   3.0   1.0  -2.0   18.634   13.994   26.905    0.000    8    0      180
 11   2.0   0.0   4.0   19.781   -1.524   94.877    0.000    8    0       83
 12  -3.0   1.0   3.0   19.812   13.086 -164.174    0.000    8    0      201
 13   4.0   0.0   2.0   25.567   -1.324   65.314    0.000    0    0        0
 14   1.0  -1.0   3.0   13.677  -20.938  104.141    0.000    8    0      178
 15   1.0  -1.0   4.0   16.801  -17.267  109.888    0.000    8    0      420

29-NOV-17:16:08:SINGLE>use 13


 NO     H     K     L    TTH      OMEGA     CHI      PHI   REF  USE INTENSITY
  1   2.0  -0.0  -4.0   17.094    0.761   -5.987    0.000    8    0      492
  2   1.0  -0.0  -3.0   11.386    1.041  -18.253    0.000    8    0      512
  3   2.0  -1.0  -1.0   12.617  -21.316   31.469    0.000    8    0      486
  4   2.0   1.0  -1.0   12.617   20.773   32.693    0.000    8    0      488
  5   2.0   0.0  -2.0   12.819    0.170   16.199    0.000    8    0      314
  6   2.0  -1.0   1.0   13.557  -20.630   65.009    0.000    8    0      163
  7   1.0   1.0   3.0   13.677   17.767  104.312    0.000    8    0      182
  8   1.0   1.0   4.0   16.800   14.079  109.945    0.000    8    0      418
  9   3.0  -1.0   0.0   18.252  -15.136   49.062    0.000    8    0      195
 10   3.0   1.0  -2.0   18.634   13.994   26.905    0.000    8    0      180
 11   2.0   0.0   4.0   19.781   -1.524   94.877    0.000    8    0       83
 12  -3.0   1.0   3.0   19.812   13.086 -164.174    0.000    8    0      201
 13   4.0   0.0   2.0   25.567   -1.324   65.314    0.000    0    1        0
 14   1.0  -1.0   3.0   13.677  -20.938  104.141    0.000    8    0      178
 15   1.0  -1.0   4.0   16.801  -17.267  109.888    0.000    8    0      420

29-NOV-17:16:08:SINGLE>zref

 Mat File is: acet_p4_171129.mat

 Peak Centering Parameters
   Minimum Count Rate:  30 cps, Max/Min Ratio:  2.0, Max Time/Step:  10 secs
   Required counts on maximum: 250 cps
   Initial Omega Scan width = 1.00+0.35 tan(th)
   2Theta/omega will be scanned
   Chi scan parameters:    31 steps, width parameter =  0.25
   Final omega scan:  51 steps, width = 0.30+0.35 tan(th)
   Slit settings: Motor 5 = 2.00 Motor 6 = 9.00

   Final omega scan will be fit by PROFILE

   Refinement flags for fitting final omega scans:
   Value of eta is fixed at: 0.00
   Intensity ratio of omega scans is not refined


   Current 2 wavelengths are: 0.709316 and 0.713606   Intensity ratio = 0.555


   There are  1 reflections with the USE flag set for this crystal

  Continue with these parameters <Y/N>?Y
  Do you want centering on calc positions or list angles? (C,A)<C>:
  Do you want the chi order of measurement to be optimised? (Y,N)<N>:
  Do you want centering to continue after failures? (Y,N)<N>:

 Centering Reflection No. 13 : hkl=   4.0  0.0  2.0
 Reflection  1 of  1

     2Theta    Omega      Chi      Phi    Intens Width  Chi2   Eta
    25.5325  -1.0019  65.4050   0.0000       159 0.064     3  0.00
   -25.5050  -1.1649  65.4075   0.0000       165 0.066     3  0.00
   -25.5050   0.9620 245.3725   0.0000       163 0.064     4  0.00
    25.5825   1.1566 245.3875   0.0000       160 0.067     4  0.00
    25.5050   1.1575 114.5850 180.0000       161 0.063     3  0.00
   -25.6450   1.0607 114.5800 180.0000       174 0.064     3  0.00
   -25.4850  -1.2154 -65.3800 180.0000       157 0.065     3  0.00
    25.5900  -1.0256 -65.3700 180.0000       167 0.065     3  0.00

                             Averages:       163 0.065     3  0.00
                                Esd's:         5 0.001     0  0.00
                          ESD/Average:     0.032 0.019 0.129  0.00

     TRUE ANGLES:    25.7048   -1.0809   65.3947    0.0000
          ZEROES:     0.0087   -0.0045   -0.0016
 CRYSTAL OFFSETS:     0.0145    0.0936    0.0248
         DELTA-H:     0.0133

 Successes so far:  1, Fails:  0

29-NOV-17:16:36:SINGLE>list


 NO     H     K     L    TTH      OMEGA     CHI      PHI   REF  USE INTENSITY
  1   2.0  -0.0  -4.0   17.094    0.761   -5.987    0.000    8    0      492
  2   1.0  -0.0  -3.0   11.386    1.041  -18.253    0.000    8    0      512
  3   2.0  -1.0  -1.0   12.617  -21.316   31.469    0.000    8    0      486
  4   2.0   1.0  -1.0   12.617   20.773   32.693    0.000    8    0      488
  5   2.0   0.0  -2.0   12.819    0.170   16.199    0.000    8    0      314
  6   2.0  -1.0   1.0   13.557  -20.630   65.009    0.000    8    0      163
  7   1.0   1.0   3.0   13.677   17.767  104.312    0.000    8    0      182
  8   1.0   1.0   4.0   16.800   14.079  109.945    0.000    8    0      418
  9   3.0  -1.0   0.0   18.252  -15.136   49.062    0.000    8    0      195
 10   3.0   1.0  -2.0   18.634   13.994   26.905    0.000    8    0      180
 11   2.0   0.0   4.0   19.781   -1.524   94.877    0.000    8    0       83
 12  -3.0   1.0   3.0   19.812   13.086 -164.174    0.000    8    0      201
 13   4.0   0.0   2.0   25.705   -1.081   65.395    0.000    8    1      163
 14   1.0  -1.0   3.0   13.677  -20.938  104.141    0.000    8    0      178
 15   1.0  -1.0   4.0   16.801  -17.267  109.888    0.000    8    0      420

29-NOV-17:16:36:SINGLE>use 1,-15


 NO     H     K     L    TTH      OMEGA     CHI      PHI   REF  USE INTENSITY
  1   2.0  -0.0  -4.0   17.094    0.761   -5.987    0.000    8    1      492
  2   1.0  -0.0  -3.0   11.386    1.041  -18.253    0.000    8    1      512
  3   2.0  -1.0  -1.0   12.617  -21.316   31.469    0.000    8    1      486
  4   2.0   1.0  -1.0   12.617   20.773   32.693    0.000    8    1      488
  5   2.0   0.0  -2.0   12.819    0.170   16.199    0.000    8    1      314
  6   2.0  -1.0   1.0   13.557  -20.630   65.009    0.000    8    1      163
  7   1.0   1.0   3.0   13.677   17.767  104.312    0.000    8    1      182
  8   1.0   1.0   4.0   16.800   14.079  109.945    0.000    8    1      418
  9   3.0  -1.0   0.0   18.252  -15.136   49.062    0.000    8    1      195
 10   3.0   1.0  -2.0   18.634   13.994   26.905    0.000    8    1      180
 11   2.0   0.0   4.0   19.781   -1.524   94.877    0.000    8    1       83
 12  -3.0   1.0   3.0   19.812   13.086 -164.174    0.000    8    1      201
 13   4.0   0.0   2.0   25.705   -1.081   65.395    0.000    8    1      163
 14   1.0  -1.0   3.0   13.677  -20.938  104.141    0.000    8    1      178
 15   1.0  -1.0   4.0   16.801  -17.267  109.888    0.000    8    1      420

29-NOV-17:16:36:SINGLE>lsq


   N  H  K  L    TTHO    TTHC         Vector Deltas

   1  2  0 -4   17.09   17.09    0.00001  0.00000 -0.00001
   2  1  0 -3   11.39   11.39   -0.00002 -0.00000  0.00002
   3  2 -1 -1   12.62   12.62   -0.00002 -0.00002 -0.00004
   4  2  1 -1   12.62   12.62   -0.00003 -0.00001  0.00002
   5  2  0 -2   12.82   12.82    0.00001 -0.00002 -0.00001
   6  2 -1  1   13.56   13.56   -0.00014 -0.00005  0.00008
   7  1  1  3   13.68   13.68   -0.00002 -0.00007 -0.00003
   8  1  1  4   16.80   16.80   -0.00004 -0.00001 -0.00002
   9  3 -1  0   18.25   18.25    0.00002 -0.00004 -0.00003
  10  3  1 -2   18.63   18.63    0.00005  0.00001  0.00007
  11  2  0  4   19.78   19.78    0.00001 -0.00001  0.00001
  12 -3  1  3   19.81   19.81    0.00000  0.00000  0.00001
  13  4  0  2   25.70   25.71    0.00002  0.00009 -0.00006
  14  1 -1  3   13.68   13.68    0.00003  0.00001 -0.00001
  15  1 -1  4   16.80   16.80    0.00006  0.00002  0.00006

      15 Reflections used

Orientation Matrix:
     0.09389    -0.00119    -0.05724
    -0.00183     0.11125    -0.00230
     0.10967     0.00287     0.06576



 Cell      7.00155   8.98521  11.59131  90.001  98.414  90.000  721.3657
 Sigmas    0.00028   0.00101   0.00060   0.008   0.004   0.008    0.0938

29-NOV-17:16:38:SINGLE>clsq

Crystal Systems: 1-Monoclinic (B-unique), 2-Monoclinic (C-unique)
3-Orthorhombic, 4-Tetragonal, 5-Hexagonal, 6-Cubic, 7-Rhombohedral
CLSQ: Input choice>1
Results for Constrained Refinement


                  OBS     CAL             Vector Deltas
   N   h   k   l  2TH     2TH        Del X     Del Y     Del Z     Length

   1   2   0  -4  17.094  17.093   0.00001   0.00000  -0.00001     0.00001
   2   1   0  -3  11.386  11.387  -0.00002  -0.00001   0.00002     0.00002
   3   2  -1  -1  12.617  12.618  -0.00002  -0.00002  -0.00004     0.00005
   4   2   1  -1  12.617  12.618  -0.00003  -0.00001   0.00002     0.00004
   5   2   0  -2  12.819  12.818   0.00001  -0.00002  -0.00001     0.00003
   6   2  -1   1  13.557  13.556  -0.00013  -0.00005   0.00008     0.00016
   7   1   1   3  13.677  13.678  -0.00003  -0.00006  -0.00003     0.00007
   8   1   1   4  16.800  16.800  -0.00004  -0.00001  -0.00002     0.00005
   9   3  -1   0  18.252  18.252   0.00002  -0.00004  -0.00003     0.00005
  10   3   1  -2  18.634  18.631   0.00005   0.00001   0.00007     0.00009
  11   2   0   4  19.781  19.781   0.00001  -0.00001   0.00001     0.00002
  12  -3   1   3  19.812  19.812  -0.00000   0.00000   0.00002     0.00002
  13   4   0   2  25.705  25.707   0.00002   0.00009  -0.00005     0.00011
  14   1  -1   3  13.677  13.678   0.00003   0.00001  -0.00001     0.00004
  15   1  -1   4  16.801  16.800   0.00006   0.00003   0.00006     0.00009

      15 Reflections used


 Cell      7.00155   8.98521  11.59131  90.000  98.414  90.000  721.3652
 Sigmas    0.00035   0.00122   0.00046   0.000   0.004   0.000    0.1082


