

                    SINGLE2014 Diffractometer Control Program
                             RJ ANGEL, LW FINGER
                          BASE VERSION OF 10-Nov-2017
VERSION FOR  Northwestern HUBER ON SMC9300 INTERFACE
NORMAL MODE
Started at:22-NOV-17 12:00


SUCCESSFULLY OPENED MAT FILE:


 Mat File is: acet_p2_171122.mat




 Cell      7.04769   9.15967  11.64088  90.002  97.987  90.011  744.1819

 Peak Centering Parameters
   Minimum Count Rate:  30 cps, Max/Min Ratio:  2.0, Max Time/Step:  10 secs
   Required counts on maximum: 250 cps
   Initial Omega Scan width = 1.00+0.35 tan(th)
   2Theta/omega will be scanned
   Chi scan parameters:    31 steps, width parameter =  0.25
   Final omega scan:  51 steps, width = 0.30+0.35 tan(th)
   Slit settings: Motor 5 = 2.00 Motor 6 = 9.00

   Final omega scan will be fit by PROFILE

   Refinement flags for fitting final omega scans:
   Value of eta is fixed at: 0.00
   Intensity ratio of omega scans is not refined


   Current 2 wavelengths are: 0.709316 and 0.713606   Intensity ratio = 0.555



Current Device is DAC        with following constraints:
  Fixed Phi Mode, Psi(max) = 90.0



22-NOV-17:12:00:SINGLE>list


 NO     H     K     L    TTH      OMEGA     CHI      PHI   REF  USE INTENSITY
  1   2.0   0.0  -4.0   17.058    0.939   -6.040    0.000    8    1      476
  2   1.0   0.0  -3.0   11.361    1.350  -18.215    0.000    8    1      507
  3   2.0  -1.0  -1.0   12.528  -21.327   30.961    0.000    8    1      499
  4   2.0   1.0  -1.0   12.527   20.207   32.658    0.000    8    1      503
  5   2.0   0.0  -2.0   12.775    0.066   15.985    0.000    8    1      333
  6   2.0  -1.0   1.0   13.416  -21.044   64.675    0.000    8    1      166
  7   2.0   1.0   1.0   13.246   17.465   65.633    0.000    0    0        0
  8   1.0  -1.0   3.0   13.541  -21.455  104.292    0.000    8    1      195
  9   1.0   1.0   3.0   13.543   16.886  104.398    0.000    8    1      201
 10   1.0  -1.0   4.0   16.650  -17.793  110.102    0.000    8    1      410
 11   1.0   1.0   4.0   16.651   13.227  110.042    0.000    8    1      412
 12   2.0   1.0   3.0   17.198   12.501   88.083    0.000    0    0        0
 13   3.0  -1.0   0.0   18.097  -15.432   48.672    0.000    8    1      174
 14   3.0   1.0   0.0   17.920   12.881   49.450    0.000    0    0        0
 15   3.0   1.0  -2.0   18.531   13.568   26.792    0.000    8    1      180
 16   2.0   0.0   4.0   19.591   -2.226   94.940    0.000    8    1       85
 17  -3.0   1.0   3.0   19.728   12.980 -164.532    0.000    8    1      190
 18   1.0   1.0   6.0   23.054    8.637  116.756    0.000    0    0        0
 19   1.0  -1.0   6.0   23.056  -13.174  116.886    0.000    0    0        0
 20   3.0   0.0   3.0   21.503   -1.976   78.110    0.000    0    0        0
 21   4.0   0.0   2.0   25.468   -1.670   65.227    0.000    8    1      170

22-NOV-17:12:00:SINGLE>del 7,12,14,18,-20


 NO     H     K     L    TTH      OMEGA     CHI      PHI   REF  USE INTENSITY
  1   2.0   0.0  -4.0   17.058    0.939   -6.040    0.000    8    1      476
  2   1.0   0.0  -3.0   11.361    1.350  -18.215    0.000    8    1      507
  3   2.0  -1.0  -1.0   12.528  -21.327   30.961    0.000    8    1      499
  4   2.0   1.0  -1.0   12.527   20.207   32.658    0.000    8    1      503
  5   2.0   0.0  -2.0   12.775    0.066   15.985    0.000    8    1      333
  6   2.0  -1.0   1.0   13.416  -21.044   64.675    0.000    8    1      166
  7   1.0  -1.0   3.0   13.541  -21.455  104.292    0.000    8    1      195
  8   1.0   1.0   3.0   13.543   16.886  104.398    0.000    8    1      201
  9   1.0  -1.0   4.0   16.650  -17.793  110.102    0.000    8    1      410
 10   1.0   1.0   4.0   16.651   13.227  110.042    0.000    8    1      412
 11   3.0  -1.0   0.0   18.097  -15.432   48.672    0.000    8    1      174
 12   3.0   1.0  -2.0   18.531   13.568   26.792    0.000    8    1      180
 13   2.0   0.0   4.0   19.591   -2.226   94.940    0.000    8    1       85
 14  -3.0   1.0   3.0   19.728   12.980 -164.532    0.000    8    1      190
 15   4.0   0.0   2.0   25.468   -1.670   65.227    0.000    8    1      170

22-NOV-17:12:01:SINGLE>zref

 Mat File is: acet_p2_171122.mat

 Peak Centering Parameters
   Minimum Count Rate:  30 cps, Max/Min Ratio:  2.0, Max Time/Step:  10 secs
   Required counts on maximum: 250 cps
   Initial Omega Scan width = 1.00+0.35 tan(th)
   2Theta/omega will be scanned
   Chi scan parameters:    31 steps, width parameter =  0.25
   Final omega scan:  51 steps, width = 0.30+0.35 tan(th)
   Slit settings: Motor 5 = 2.00 Motor 6 = 9.00

   Final omega scan will be fit by PROFILE

   Refinement flags for fitting final omega scans:
   Value of eta is fixed at: 0.00
   Intensity ratio of omega scans is not refined


   Current 2 wavelengths are: 0.709316 and 0.713606   Intensity ratio = 0.555


   There are 15 reflections with the USE flag set for this crystal

  Continue with these parameters <Y/N>?y
  Do you want centering on calc positions or list angles? (C,A)<C>:
  Do you want the chi order of measurement to be optimised? (Y,N)<N>:
  Do you want centering to continue after failures? (Y,N)<N>:

 Centering Reflection No.  1 : hkl=   2.0  0.0 -4.0
 Reflection  1 of 15

     2Theta    Omega      Chi      Phi    Intens Width  Chi2   Eta
    17.2075   1.0264  -5.9450   0.0000       462 0.061     4  0.00
   -17.0150   1.0605  -5.9975   0.0000       488 0.060     4  0.00
   -17.0700  -1.0860 173.9725   0.0000       476 0.060     4  0.00
    17.0125  -1.0550 173.9075   0.0000       516 0.059     4  0.00
    16.9325  -1.0331 185.9150 180.0000       465 0.061     4  0.00
   -17.0650  -1.1054 185.9950 180.0000       492 0.062     6  0.00
   -16.9775   1.0496   5.9950 180.0000       457 0.062     6  0.00
    17.1550   1.0450   6.0825 180.0000       483 0.057     5  0.00

                             Averages:       480 0.060     5  0.00
                                Esd's:        19 0.002     0  0.00
                          ESD/Average:     0.040 0.029 0.141  0.00

     TRUE ANGLES:    17.0705    1.0926   -6.0062    0.0000
          ZEROES:     0.0225   -0.0010   -0.0094
 CRYSTAL OFFSETS:    -0.0325    0.1117    0.0476
         DELTA-H:    -0.0016

 Successes so far:  1, Fails:  0


 Centering Reflection No.  2 : hkl=   1.0  0.0 -3.0
 Reflection  2 of 15

     2Theta    Omega      Chi      Phi    Intens Width  Chi2   Eta
    11.3700   1.4239 -18.1750   0.0000       511 0.057     2  0.00
   -11.3075   1.3838 -18.2225   0.0000       516 0.062     2  0.00
   -11.3850  -1.4022 161.7575   0.0000       525 0.058     2  0.00
    11.3600  -1.4047 161.6825   0.0000       505 0.058     2  0.00
    11.3750  -1.4333 198.1400 180.0000       505 0.056     4  0.00
   -11.4600  -1.3867 198.1875 180.0000       482 0.059     3  0.00
   -11.3600   1.4219  18.2150 180.0000       481 0.061     4  0.00
    11.3675   1.4189  18.2875 180.0000       490 0.059     4  0.00

                             Averages:       502 0.059     3  0.00
                                Esd's:        16 0.002     0  0.00
                          ESD/Average:     0.032 0.034 0.217  0.00

     TRUE ANGLES:    11.3701    1.4207  -18.2234    0.0000
          ZEROES:    -0.0050    0.0002   -0.0159
 CRYSTAL OFFSETS:    -0.0424    0.1715    0.0403
         DELTA-H:    -0.0005

 Successes so far:  2, Fails:  0


 Centering Reflection No.  3 : hkl=   2.0 -1.0 -1.0
 Reflection  3 of 15

     2Theta    Omega      Chi      Phi    Intens Width  Chi2   Eta
    12.4700 -20.9792  31.2900   0.0000       454 0.057     3  0.00
   -12.5225 -21.0381  31.0925   0.0000       473 0.058     3  0.00
   -12.4950  21.0210 211.1950   0.0000       512 0.056     4  0.00
    12.5925  21.0436 211.0325   0.0000       480 0.055     2  0.00
    12.3750  21.0828 148.7025 180.0000       476 0.057     3  0.00
   -12.5300  20.9889 148.8900 180.0000       466 0.058     3  0.00
   -12.5375 -21.0555 -31.1775 180.0000       489 0.061     4  0.00
    12.5250 -21.0240 -31.0550 180.0000       458 0.060     2  0.00

                             Averages:       476 0.058     3  0.00
                                Esd's:        18 0.002     0  0.00
                          ESD/Average:     0.039 0.033 0.167  0.00

     TRUE ANGLES:    12.5577  -21.0296   31.1563    0.0000
          ZEROES:    -0.0153   -0.0027   -0.0037
 CRYSTAL OFFSETS:    -0.0691    0.1326    0.0536
         DELTA-H:    -0.0077

 Successes so far:  3, Fails:  0


 Centering Reflection No.  4 : hkl=   2.0  1.0 -1.0
 Reflection  4 of 15

     2Theta    Omega      Chi      Phi    Intens Width  Chi2   Eta
    12.5475  20.6878  32.7900   0.0000       487 0.057     3  0.00
   -12.5425  20.6785  32.6175   0.0000       507 0.059     2  0.00
   -12.5325 -20.7337 212.6925   0.0000       517 0.058     2  0.00
    12.5450 -20.7039 212.5675   0.0000       499 0.060     2  0.00
    12.4325 -20.6328 147.1550 180.0000       514 0.058     4  0.00
   -12.5400 -20.6902 147.3650 180.0000       475 0.059     3  0.00
   -12.5225  20.6795 -32.6750 180.0000       511 0.059     2  0.00
    12.5400  20.7120 -32.5625 180.0000       469 0.061     3  0.00

                             Averages:       497 0.059     3  0.00
                                Esd's:        18 0.001     0  0.00
                          ESD/Average:     0.037 0.022 0.201  0.00

     TRUE ANGLES:    12.5576   20.6971   32.6731    0.0000
          ZEROES:    -0.0091   -0.0049   -0.0062
 CRYSTAL OFFSETS:    -0.0643    0.1401    0.0483
         DELTA-H:    -0.0128

 Successes so far:  4, Fails:  0


 Centering Reflection No.  5 : hkl=   2.0  0.0 -2.0
 Reflection  5 of 15

     2Theta    Omega      Chi      Phi    Intens Width  Chi2   Eta
    12.7675   0.3918  16.1875   0.0000       344 0.060     4  0.00
   -12.7775   0.3760  16.0450   0.0000       330 0.059     2  0.00
   -12.7725  -0.3881 196.0900   0.0000       333 0.055     2  0.00
    12.8125  -0.3834 195.9750   0.0000       352 0.060     3  0.00
    12.7525  -0.3795 163.8075 180.0000       341 0.059     3  0.00
   -12.7675  -0.4022 163.9425 180.0000       335 0.060     3  0.00
   -12.6800   0.3269 -16.0825 180.0000       314 0.059     4  0.00
    12.7800   0.3862 -15.9450 180.0000       295 0.062     3  0.00

                             Averages:       330 0.059     3  0.00
                                Esd's:        18 0.002     0  0.00
                          ESD/Average:     0.055 0.033 0.205  0.00

     TRUE ANGLES:    12.7894    0.3833   16.0719    0.0000
          ZEROES:     0.0144   -0.0019    0.0025
 CRYSTAL OFFSETS:    -0.0544    0.1189    0.0482
         DELTA-H:     0.0073

 Successes so far:  5, Fails:  0


 Centering Reflection No.  6 : hkl=   2.0 -1.0  1.0
 Reflection  6 of 15

     2Theta    Omega      Chi      Phi    Intens Width  Chi2   Eta
    13.4475 -20.6278  64.8150   0.0000       151 0.059     3  0.00
   -13.4175 -20.6483  64.6700   0.0000       162 0.057     2  0.00
   -13.4700  20.6739 244.7725   0.0000       173 0.061     4  0.00
    13.2500  20.7897 244.6575   0.0000       166 0.060     2  0.00
    13.4475  20.6032 115.1350 180.0000       163 0.056     4  0.00
   -13.4300  20.5974 115.3025 180.0000       171 0.056     4  0.00
   -13.4675 -20.6815 -64.7700 180.0000       154 0.059     3  0.00
    13.4350 -20.6580 -64.6675 180.0000       164 0.060     3  0.00

                             Averages:       163 0.059     3  0.00
                                Esd's:         7 0.002     0  0.00
                          ESD/Average:     0.046 0.034 0.196  0.00

     TRUE ANGLES:    13.4620  -20.6475   64.7394    0.0000
          ZEROES:    -0.0256   -0.0067   -0.0106
 CRYSTAL OFFSETS:    -0.0702    0.0922    0.0129
         DELTA-H:    -0.0096

 Successes so far:  6, Fails:  0


 Centering Reflection No.  7 : hkl=   1.0 -1.0  3.0
 Reflection  7 of 15

     2Theta    Omega      Chi      Phi    Intens Width  Chi2   Eta
    13.5875 -21.1716 104.1625   0.0000       197 0.056     3  0.00
 Centering halted, end of scan of motor 2 out-of-bounds
 Failure in Center during initial omega scan
MOTOR POSITIONS AFTER FAILURE OF CENTER:
  -13.5425  -21.4538  104.3000    0.0000
 Reflection Not Found

 Centering Reflection No.  8 : hkl=   1.0  1.0  3.0
 Reflection  8 of 15

     2Theta    Omega      Chi      Phi    Intens Width  Chi2   Eta
    13.5375  17.2958 104.4700   0.0000       192 0.056     2  0.00
   -13.5900  17.2789 104.4075   0.0000       184 0.057     3  0.00
   -13.5600 -17.3462 284.5150   0.0000       193 0.063     3  0.00
    13.5750 -17.3057 284.4425   0.0000       185 0.060     2  0.00
    13.4375 -17.1849  75.5375 180.0000       191 0.058     3  0.00
   -13.6000 -17.2366  75.5500 180.0000       180 0.056     3  0.00
   -13.5675  17.2731-104.5300 180.0000       199 0.060     3  0.00
    13.5725  17.3041-104.4975 180.0000       175 0.056     4  0.00

                             Averages:       187 0.058     3  0.00
                                Esd's:         7 0.002     0  0.00
                          ESD/Average:     0.042 0.042 0.185  0.00

     TRUE ANGLES:    13.5900   17.2844  104.4719    0.0000
          ZEROES:    -0.0244   -0.0024   -0.0131
 CRYSTAL OFFSETS:    -0.0382    0.1698    0.0551
         DELTA-H:     0.0027

 Successes so far:  7, Fails:  1


 Centering Reflection No.  9 : hkl=   1.0 -1.0  4.0
 Reflection  9 of 15

     2Theta    Omega      Chi      Phi    Intens Width  Chi2   Eta
    16.6400 -17.4955 109.9150   0.0000       422 0.061     5  0.00
   -16.6625 -17.5359 109.9075   0.0000       413 0.062     3  0.00
   -16.8125  17.6110 289.9675   0.0000       429 0.062     4  0.00
    16.5275  17.6629 289.9450   0.0000       428 0.060     3  0.00
    16.5950  17.5650  70.0975 180.0000       410 0.060     6  0.00
   -16.6700  17.5149  70.0725 180.0000       433 0.059     5  0.00
   -16.5925 -17.6401-109.9875 180.0000       411 0.063     6  0.00
    16.6775 -17.5612-109.9325 180.0000       408 0.058     5  0.00

                             Averages:       419 0.061     5  0.00
                                Esd's:         9 0.002     1  0.00
                          ESD/Average:     0.024 0.031 0.202  0.00

     TRUE ANGLES:    16.7025  -17.5469  109.9356    0.0000
          ZEROES:    -0.0372   -0.0035   -0.0019
 CRYSTAL OFFSETS:    -0.0298    0.1032    0.0543
         DELTA-H:     0.0216

 Successes so far:  8, Fails:  1


 Centering Reflection No. 10 : hkl=   1.0  1.0  4.0
 Reflection 10 of 15

     2Theta    Omega      Chi      Phi    Intens Width  Chi2   Eta
    16.6575  13.6029 110.0575   0.0000       385 0.063     4  0.00
   -16.6550  13.5673 110.0500   0.0000       438 0.059     4  0.00
   -16.6625 -13.6488 290.1100   0.0000       395 0.064     3  0.00
    16.6600 -13.5834 290.0775   0.0000       434 0.059     2  0.00
    16.6575 -13.5451  69.8825 180.0000       396 0.062     5  0.00
   -16.6575 -13.5698  69.9325 180.0000       420 0.058     4  0.00
   -16.6800  13.5665-110.1300 180.0000       379 0.060     3  0.00
    16.6575  13.6133-110.0975 180.0000       414 0.059     5  0.00

                             Averages:       408 0.061     4  0.00
                                Esd's:        22 0.002     0  0.00
                          ESD/Average:     0.054 0.036 0.204  0.00

     TRUE ANGLES:    16.7040   13.5860  110.0884    0.0000
          ZEROES:    -0.0028   -0.0010   -0.0147
 CRYSTAL OFFSETS:    -0.0471    0.1665    0.0734
         DELTA-H:    -0.0138

 Successes so far:  9, Fails:  1


 Centering Reflection No. 11 : hkl=   3.0 -1.0  0.0
 Reflection 11 of 15

     2Theta    Omega      Chi      Phi    Intens Width  Chi2   Eta
    18.0850 -15.0128  48.8850   0.0000       172 0.060     3  0.00
   -18.0975 -15.0629  48.7750   0.0000       180 0.062     4  0.00
   -18.1850  15.0805 228.8100   0.0000       198 0.062     4  0.00
    18.0600  15.1290 228.7175   0.0000       181 0.063     3  0.00
    18.0825  15.0429 131.0850 180.0000       197 0.059     5  0.00
   -18.1500  15.0292 131.2325 180.0000       197 0.062     5  0.00
   -18.1050 -15.0975 -48.8150 180.0000       186 0.063     3  0.00
    18.1375 -15.0583 -48.7400 180.0000       186 0.060     3  0.00

                             Averages:       187 0.061     4  0.00
                                Esd's:         9 0.002     0  0.00
                          ESD/Average:     0.050 0.025 0.199  0.00

     TRUE ANGLES:    18.1507  -15.0509   48.8031    0.0000
          ZEROES:    -0.0216   -0.0045   -0.0062
 CRYSTAL OFFSETS:    -0.0635    0.1461    0.0370
         DELTA-H:    -0.0196

 Successes so far: 10, Fails:  1


 Centering Reflection No. 12 : hkl=   3.0  1.0 -2.0
 Reflection 12 of 15

     2Theta    Omega      Chi      Phi    Intens Width  Chi2   Eta
    18.5750  13.9905  26.9100   0.0000       180 0.062     3  0.00
   -18.6675  14.0500  26.8175   0.0000       189 0.063     3  0.00
   -18.5600 -14.0217 206.8150   0.0000       201 0.063     2  0.00
    18.5650 -14.0044 206.7500   0.0000       177 0.060     3  0.00
    18.5625 -14.0120 153.0550 180.0000       192 0.063     3  0.00
   -18.5550 -13.9998 153.1525 180.0000       190 0.062     4  0.00
   -18.5100  13.9757 -26.8525 180.0000       198 0.064     4  0.00
    18.4850  14.0473 -26.7850 180.0000       180 0.063     4  0.00

                             Averages:       188 0.063     3  0.00
                                Esd's:         8 0.001     0  0.00
                          ESD/Average:     0.047 0.020 0.164  0.00

     TRUE ANGLES:    18.5643   14.0046   26.8403    0.0000
          ZEROES:    -0.0131   -0.0034   -0.0172
 CRYSTAL OFFSETS:    -0.0601    0.1544    0.0320
         DELTA-H:    -0.0009

 Successes so far: 11, Fails:  1


 Centering Reflection No. 13 : hkl=   2.0  0.0  4.0
 Reflection 13 of 15

     2Theta    Omega      Chi      Phi    Intens Width  Chi2   Eta
    19.0675  -1.5821  94.9350   0.0000        99 0.047    10  0.00
   -19.5675  -1.8889  94.8925   0.0000        76 0.063     3  0.00
   -19.6525   1.8315 274.9425   0.0000        96 0.064     3  0.00
    19.6350   1.8742 274.9075   0.0000        79 0.066     4  0.00
    19.6475   1.8375  85.0550 180.0000        90 0.067     3  0.00
   -19.6525   1.8539  85.1075 180.0000        78 0.064     3  0.00
   -19.7050  -1.8496 -94.9650 180.0000        83 0.063     3  0.00
    19.5025  -1.7767 -94.9050 180.0000        75 0.064     2  0.00

                             Averages:        84 0.062     4  0.00
                                Esd's:         9 0.006     2  0.00
                          ESD/Average:     0.110 0.103 0.599  0.00

     TRUE ANGLES:    19.6553   -1.8543   94.9231    0.0000
          ZEROES:    -0.0906   -0.0078   -0.0038
 CRYSTAL OFFSETS:    -0.0335    0.0032   -0.0041
         DELTA-H:     0.0056

 Successes so far: 12, Fails:  1


 Centering Reflection No. 14 : hkl=  -3.0  1.0  3.0
 Reflection 14 of 15

     2Theta    Omega      Chi      Phi    Intens Width  Chi2   Eta
    19.6250  12.8263-164.4525   0.0000       188 0.063     4  0.00
   -19.7300  12.7378-164.4225   0.0000       201 0.061     3  0.00
   -19.7650 -12.7341  15.6075   0.0000       167 0.061     4  0.00
    19.7375 -12.7307  15.7150   0.0000       189 0.064     4  0.00
    19.9375 -12.8342 344.4550 180.0000       185 0.062     3  0.00
   -19.8600 -12.6955 344.3950 180.0000       180 0.061     4  0.00
   -19.8750  12.7888 164.3800 180.0000       181 0.063     3  0.00
    19.8500  12.6700 164.2625 180.0000       188 0.063     3  0.00

                             Averages:       185 0.062     4  0.00
                                Esd's:         9 0.001     0  0.00
                          ESD/Average:     0.053 0.017 0.100  0.00

     TRUE ANGLES:    19.7561   12.7409 -164.3806    0.0000
          ZEROES:    -0.0100   -0.0015   -0.0075
 CRYSTAL OFFSETS:    -0.0447    0.1074    0.0473
         DELTA-H:     0.0077

 Successes so far: 13, Fails:  1


 Centering Reflection No. 15 : hkl=   4.0  0.0  2.0
 Reflection 15 of 15

     2Theta    Omega      Chi      Phi    Intens Width  Chi2   Eta
    25.5500  -1.2354  65.3550   0.0000       167 0.062     2  0.00
   -25.4700  -1.2583  65.2700   0.0000       167 0.063     3  0.00
   -25.4800   1.1777 245.3025   0.0000       179 0.065     2  0.00
    25.4725   1.2908 245.2450   0.0000       173 0.063     2  0.00
    25.4650   1.2483 114.6450 180.0000       167 0.063     3  0.00
   -25.5075   1.2175 114.7275 180.0000       173 0.063     2  0.00
   -25.4325  -1.3115 -65.3100 180.0000       177 0.066     2  0.00
    25.3750  -1.1472 -65.2575 180.0000       165 0.065     3  0.00

                             Averages:       171 0.064     2  0.00
                                Esd's:         5 0.001     0  0.00
                          ESD/Average:     0.030 0.020 0.193  0.00

     TRUE ANGLES:    25.5518   -1.2313   65.2959    0.0000
          ZEROES:    -0.0034   -0.0040   -0.0028
 CRYSTAL OFFSETS:    -0.0507    0.1667    0.0426
         DELTA-H:    -0.0012

 Successes so far: 14, Fails:  1



   AVERAGE ZEROES AND OFFSETS FROM 14 REFLECTIONS WITH 4 OR 8 EQUIVALENTS
     Angles:    -0.016   -0.003   -0.008
     DeltaH:    -0.002
       Xtal:    -0.050    0.127    0.042

22-NOV-17:17:27:SINGLE>list


 NO     H     K     L    TTH      OMEGA     CHI      PHI   REF  USE INTENSITY
  1   2.0   0.0  -4.0   17.071    1.093   -6.006    0.000    8    1      480
  2   1.0   0.0  -3.0   11.370    1.421  -18.223    0.000    8    1      502
  3   2.0  -1.0  -1.0   12.558  -21.030   31.156    0.000    8    1      476
  4   2.0   1.0  -1.0   12.558   20.697   32.673    0.000    8    1      497
  5   2.0   0.0  -2.0   12.789    0.383   16.072    0.000    8    1      330
  6   2.0  -1.0   1.0   13.462  -20.647   64.739    0.000    8    1      163
  7   1.0  -1.0   3.0   13.541  -21.455  104.292    0.000    0    0        0
  8   1.0   1.0   3.0   13.590   17.284  104.472    0.000    8    1      187
  9   1.0  -1.0   4.0   16.702  -17.547  109.936    0.000    8    1      419
 10   1.0   1.0   4.0   16.704   13.586  110.088    0.000    8    1      408
 11   3.0  -1.0   0.0   18.151  -15.051   48.803    0.000    8    1      187
 12   3.0   1.0  -2.0   18.564   14.005   26.840    0.000    8    1      188
 13   2.0   0.0   4.0   19.655   -1.854   94.923    0.000    8    1       84
 14  -3.0   1.0   3.0   19.756   12.741 -164.381    0.000    8    1      185
 15   4.0   0.0   2.0   25.552   -1.231   65.296    0.000    8    1      171

24-NOV-17:12:49:SINGLE>lsq


   N  H  K  L    TTHO    TTHC         Vector Deltas

   1  2  0 -4   17.07   17.07    0.00001 -0.00000  0.00005
   2  1  0 -3   11.37   11.37    0.00000 -0.00001 -0.00002
   3  2 -1 -1   12.56   12.56   -0.00003  0.00000 -0.00002
   4  2  1 -1   12.56   12.56   -0.00000 -0.00001 -0.00003
   5  2  0 -2   12.79   12.79    0.00000 -0.00000 -0.00002
   6  2 -1  1   13.46   13.46   -0.00004  0.00001 -0.00004
   8  1  1  3   13.59   13.59   -0.00005 -0.00001 -0.00002
   9  1 -1  4   16.70   16.70    0.00007  0.00001  0.00005
  10  1  1  4   16.70   16.70   -0.00001  0.00002  0.00003
  11  3 -1  0   18.15   18.15   -0.00001 -0.00000 -0.00003
  12  3  1 -2   18.56   18.56    0.00003  0.00001 -0.00000
  13  2  0  4   19.66   19.66   -0.00002 -0.00005 -0.00007
  14 -3  1  3   19.76   19.76    0.00002  0.00001 -0.00001
  15  4  0  2   25.55   25.55    0.00003  0.00002  0.00007

      14 Reflections used

Orientation Matrix:
     0.09371    -0.00176    -0.05717
    -0.00189     0.10983    -0.00294
     0.10887     0.00341     0.06539



 Cell      7.03179   9.09936  11.62347  90.007  98.139  89.997  736.2346
 Sigmas    0.00023   0.00050   0.00050   0.007   0.003   0.007    0.0561

24-NOV-17:12:49:SINGLE>clsq

Crystal Systems: 1-Monoclinic (B-unique), 2-Monoclinic (C-unique)
3-Orthorhombic, 4-Tetragonal, 5-Hexagonal, 6-Cubic, 7-Rhombohedral
CLSQ: Input choice>1
Results for Constrained Refinement


                  OBS     CAL             Vector Deltas
   N   h   k   l  2TH     2TH        Del X     Del Y     Del Z     Length

   1   2   0  -4  17.071  17.070   0.00001  -0.00001   0.00005     0.00005
   2   1   0  -3  11.370  11.370   0.00000  -0.00001  -0.00001     0.00002
   3   2  -1  -1  12.558  12.559  -0.00002   0.00000  -0.00002     0.00003
   4   2   1  -1  12.558  12.559  -0.00002  -0.00001  -0.00003     0.00004
   5   2   0  -2  12.789  12.790   0.00000  -0.00001  -0.00002     0.00002
   6   2  -1   1  13.462  13.464  -0.00003   0.00001  -0.00004     0.00005
   8   1   1   3  13.590  13.590  -0.00006  -0.00000  -0.00002     0.00006
   9   1  -1   4  16.702  16.702   0.00008   0.00001   0.00004     0.00009
  10   1   1   4  16.704  16.702  -0.00002   0.00003   0.00004     0.00005
  11   3  -1   0  18.151  18.151   0.00000  -0.00000  -0.00003     0.00003
  12   3   1  -2  18.564  18.564   0.00002   0.00000   0.00000     0.00002
  13   2   0   4  19.655  19.658  -0.00002  -0.00004  -0.00007     0.00008
  14  -3   1   3  19.756  19.756   0.00001   0.00001  -0.00001     0.00002
  15   4   0   2  25.552  25.549   0.00003   0.00002   0.00007     0.00008

      14 Reflections used


 Cell      7.03177   9.09929  11.62343  90.000  98.138  90.000  736.2253
 Sigmas    0.00022   0.00082   0.00030   0.000   0.003   0.000    0.0723


24-NOV-17:12:49:SINGLE>quit
Unknown command
24-NOV-17:12:52:SINGLE>exit
Parking the diffractometer
