

                    SINGLE2014 Diffractometer Control Program
                             RJ ANGEL, LW FINGER
                          BASE VERSION OF 10-Nov-2017
VERSION FOR  Northwestern HUBER ON SMC9300 INTERFACE
NORMAL MODE
Started at:27-NOV-17 13:30


SUCCESSFULLY OPENED MAT FILE:


 Mat File is: acet_p3_171127.mat




 Cell      7.03180   9.09934  11.62346  90.007  98.139  89.997  736.2330

 Peak Centering Parameters
   Minimum Count Rate:  30 cps, Max/Min Ratio:  2.0, Max Time/Step:  10 secs
   Required counts on maximum: 250 cps
   Initial Omega Scan width = 1.00+0.35 tan(th)
   2Theta/omega will be scanned
   Chi scan parameters:    31 steps, width parameter =  0.25
   Final omega scan:  51 steps, width = 0.30+0.35 tan(th)
   Slit settings: Motor 5 = 2.00 Motor 6 = 9.00

   Final omega scan will be fit by PROFILE

   Refinement flags for fitting final omega scans:
   Value of eta is fixed at: 0.00
   Intensity ratio of omega scans is not refined


   Current 2 wavelengths are: 0.709316 and 0.713606   Intensity ratio = 0.555



Current Device is DAC        with following constraints:
  Fixed Phi Mode, Psi(max) = 90.0



27-NOV-17:13:30:SINGLE>list


 NO     H     K     L    TTH      OMEGA     CHI      PHI   REF  USE INTENSITY
  1   2.0   0.0  -4.0   17.070    1.093   -6.006    0.000    8    1      480
  2   1.0   0.0  -3.0   11.370    1.421  -18.223    0.000    8    1      502
  3   2.0  -1.0  -1.0   12.558  -21.030   31.156    0.000    8    1      476
  4   2.0   1.0  -1.0   12.558   20.697   32.673    0.000    8    1      497
  5   2.0   0.0  -2.0   12.789    0.383   16.072    0.000    8    1      330
  6   2.0  -1.0   1.0   13.462  -20.647   64.739    0.000    8    1      163
  7   1.0  -1.0   3.0   13.541  -21.455  104.292    0.000    0    0        0
  8   1.0   1.0   3.0   13.590   17.284  104.472    0.000    8    1      187
  9   1.0  -1.0   4.0   16.702  -17.547  109.936    0.000    8    1      419
 10   1.0   1.0   4.0   16.704   13.586  110.088    0.000    8    1      408
 11   3.0  -1.0   0.0   18.151  -15.051   48.803    0.000    8    1      187
 12   3.0   1.0  -2.0   18.564   14.005   26.840    0.000    8    1      188
 13   2.0   0.0   4.0   19.655   -1.854   94.923    0.000    8    1       84
 14  -3.0   1.0   3.0   19.756   12.741 -164.381    0.000    8    1      185
 15   4.0   0.0   2.0   25.552   -1.231   65.296    0.000    8    1      171

27-NOV-17:13:30:SINGLE>dvls 1
27-NOV-17:13:30:SINGLE>cntr
 Angles:    17.079    0.841   -5.923    0.000, Rate:   463.000
   Zero:    -0.001, Width:  0.060 Eta:  0.000
 Calculated indices:   2.00  -0.02  -4.00
Add to Reflection List<Y,N>,<Y>?y
27-NOV-17:13:34:SINGLE>dvls 2
27-NOV-17:13:34:SINGLE>cntr
 Angles:    11.381    1.184  -18.122    0.000, Rate:   563.600
   Zero:    -0.014, Width:  0.056 Eta:  0.000
 Calculated indices:   1.00  -0.01  -3.00
Add to Reflection List<Y,N>,<Y>?y
27-NOV-17:13:38:SINGLE>list


 NO     H     K     L    TTH      OMEGA     CHI      PHI   REF  USE INTENSITY
  1   2.0   0.0  -4.0   17.070    1.093   -6.006    0.000    8    1      480
  2   1.0   0.0  -3.0   11.370    1.421  -18.223    0.000    8    1      502
  3   2.0  -1.0  -1.0   12.558  -21.030   31.156    0.000    8    1      476
  4   2.0   1.0  -1.0   12.558   20.697   32.673    0.000    8    1      497
  5   2.0   0.0  -2.0   12.789    0.383   16.072    0.000    8    1      330
  6   2.0  -1.0   1.0   13.462  -20.647   64.739    0.000    8    1      163
  7   1.0  -1.0   3.0   13.541  -21.455  104.292    0.000    0    0        0
  8   1.0   1.0   3.0   13.590   17.284  104.472    0.000    8    1      187
  9   1.0  -1.0   4.0   16.702  -17.547  109.936    0.000    8    1      419
 10   1.0   1.0   4.0   16.704   13.586  110.088    0.000    8    1      408
 11   3.0  -1.0   0.0   18.151  -15.051   48.803    0.000    8    1      187
 12   3.0   1.0  -2.0   18.564   14.005   26.840    0.000    8    1      188
 13   2.0   0.0   4.0   19.655   -1.854   94.923    0.000    8    1       84
 14  -3.0   1.0   3.0   19.756   12.741 -164.381    0.000    8    1      185
 15   4.0   0.0   2.0   25.552   -1.231   65.296    0.000    8    1      171
 16   2.0  -0.0  -4.0   17.079    0.841   -5.923    0.000    2    1      463
 17   1.0  -0.0  -3.0   11.381    1.184  -18.122    0.000    2    1      563

27-NOV-17:13:38:SINGLE>com 16,17
 Observed Angle:   12.20,    Calculated:   12.21

 Orientation Matrix:
     0.09353    -0.00128    -0.05728
    -0.00233     0.10984    -0.00270
     0.10902     0.00343     0.06530
COM: Do You Wish to Update Matrix<Y,N>?y
27-NOV-17:13:38:SINGLE>del 1,-15


 NO     H     K     L    TTH      OMEGA     CHI      PHI   REF  USE INTENSITY
  1   2.0  -0.0  -4.0   17.079    0.841   -5.923    0.000    2    1      463
  2   1.0  -0.0  -3.0   11.381    1.184  -18.122    0.000    2    1      563

27-NOV-17:13:40:SINGLE>inh
INH: Enter h,k,l>2,-1,-1
INH: Enter h,k,l>2,1,-1
INH: Enter h,k,l>2,0,-2
INH: Enter h,k,l>2,-1,1
INH: Enter h,k,l>1,-1,3
INH: Enter h,k,l>1,1,3
INH: Enter h,k,l>1,-1,4
INH: Enter h,k,l>1,1,4
INH: Enter h,k,l>3,-1
INH: Enter h,k,l>3,-1,0
INH: Enter h,k,l>3,1,-2
INH: Enter h,k,l>2,0,4
INH: Enter h,k,l>-3,1,0
INH: Enter h,k,l>-3,1,3
INH: Enter h,k,l>4,0,2
INH: Enter h,k,l>2,0,-4
INH: Enter h,k,l>


 NO     H     K     L    TTH      OMEGA     CHI      PHI   REF  USE INTENSITY
  1   2.0  -0.0  -4.0   17.079    0.841   -5.923    0.000    2    1      463
  2   1.0  -0.0  -3.0   11.381    1.184  -18.122    0.000    2    1      563
  3   2.0  -1.0  -1.0   12.559  -21.252   31.293    0.000    0    1        0
  4   2.0   1.0  -1.0   12.558   20.477   32.720    0.000    0    1        0
  5   2.0   0.0  -2.0   12.789    0.136   16.165    0.000    0    1        0
  6   2.0  -1.0   1.0   13.464  -20.765   64.910    0.000    0    1        0
  7   1.0  -1.0   3.0   13.590  -21.130  104.335    0.000    0    1        0
  8   1.0   1.0   3.0   13.590   17.337  104.475    0.000    0    1        0
  9   1.0  -1.0   4.0   16.702  -17.473  110.114    0.000    0    1        0
 10   1.0   1.0   4.0   16.703   13.660  110.120    0.000    0    1        0
 11   3.0  -1.0   0.0   18.152  -15.227   48.944    0.000    0    1        0
 12   3.0  -1.0   0.0   18.152  -15.227   48.944    0.000    0    1        0
 13   3.0   1.0  -2.0   18.563   13.772   26.906    0.000    0    1        0
 14   2.0   0.0   4.0   19.658   -1.839   95.018    0.000    0    1        0
 15  -3.0   1.0   0.0   18.152   15.227 -131.056    0.000    0    1        0
 16  -3.0   1.0   3.0   19.757   12.988 -164.280    0.000    0    1        0
 17   4.0   0.0   2.0   25.549   -1.351   65.391    0.000    0    1        0
 18   2.0   0.0  -4.0   17.070    0.841   -5.923    0.000    0    1        0

27-NOV-17:13:43:SINGLE>del 11,15


 NO     H     K     L    TTH      OMEGA     CHI      PHI   REF  USE INTENSITY
  1   2.0  -0.0  -4.0   17.079    0.841   -5.923    0.000    2    1      463
  2   1.0  -0.0  -3.0   11.381    1.184  -18.122    0.000    2    1      563
  3   2.0  -1.0  -1.0   12.559  -21.252   31.293    0.000    0    1        0
  4   2.0   1.0  -1.0   12.558   20.477   32.720    0.000    0    1        0
  5   2.0   0.0  -2.0   12.789    0.136   16.165    0.000    0    1        0
  6   2.0  -1.0   1.0   13.464  -20.765   64.910    0.000    0    1        0
  7   1.0  -1.0   3.0   13.590  -21.130  104.335    0.000    0    1        0
  8   1.0   1.0   3.0   13.590   17.337  104.475    0.000    0    1        0
  9   1.0  -1.0   4.0   16.702  -17.473  110.114    0.000    0    1        0
 10   1.0   1.0   4.0   16.703   13.660  110.120    0.000    0    1        0
 11   3.0  -1.0   0.0   18.152  -15.227   48.944    0.000    0    1        0
 12   3.0   1.0  -2.0   18.563   13.772   26.906    0.000    0    1        0
 13   2.0   0.0   4.0   19.658   -1.839   95.018    0.000    0    1        0
 14  -3.0   1.0   3.0   19.757   12.988 -164.280    0.000    0    1        0
 15   4.0   0.0   2.0   25.549   -1.351   65.391    0.000    0    1        0
 16   2.0   0.0  -4.0   17.070    0.841   -5.923    0.000    0    1        0

27-NOV-17:13:44:SINGLE>del 16


 NO     H     K     L    TTH      OMEGA     CHI      PHI   REF  USE INTENSITY
  1   2.0  -0.0  -4.0   17.079    0.841   -5.923    0.000    2    1      463
  2   1.0  -0.0  -3.0   11.381    1.184  -18.122    0.000    2    1      563
  3   2.0  -1.0  -1.0   12.559  -21.252   31.293    0.000    0    1        0
  4   2.0   1.0  -1.0   12.558   20.477   32.720    0.000    0    1        0
  5   2.0   0.0  -2.0   12.789    0.136   16.165    0.000    0    1        0
  6   2.0  -1.0   1.0   13.464  -20.765   64.910    0.000    0    1        0
  7   1.0  -1.0   3.0   13.590  -21.130  104.335    0.000    0    1        0
  8   1.0   1.0   3.0   13.590   17.337  104.475    0.000    0    1        0
  9   1.0  -1.0   4.0   16.702  -17.473  110.114    0.000    0    1        0
 10   1.0   1.0   4.0   16.703   13.660  110.120    0.000    0    1        0
 11   3.0  -1.0   0.0   18.152  -15.227   48.944    0.000    0    1        0
 12   3.0   1.0  -2.0   18.563   13.772   26.906    0.000    0    1        0
 13   2.0   0.0   4.0   19.658   -1.839   95.018    0.000    0    1        0
 14  -3.0   1.0   3.0   19.757   12.988 -164.280    0.000    0    1        0
 15   4.0   0.0   2.0   25.549   -1.351   65.391    0.000    0    1        0

27-NOV-17:13:45:SINGLE>zref

 Mat File is: acet_p3_171127.mat

 Peak Centering Parameters
   Minimum Count Rate:  30 cps, Max/Min Ratio:  2.0, Max Time/Step:  10 secs
   Required counts on maximum: 250 cps
   Initial Omega Scan width = 1.00+0.35 tan(th)
   2Theta/omega will be scanned
   Chi scan parameters:    31 steps, width parameter =  0.25
   Final omega scan:  51 steps, width = 0.30+0.35 tan(th)
   Slit settings: Motor 5 = 2.00 Motor 6 = 9.00

   Final omega scan will be fit by PROFILE

   Refinement flags for fitting final omega scans:
   Value of eta is fixed at: 0.00
   Intensity ratio of omega scans is not refined


   Current 2 wavelengths are: 0.709316 and 0.713606   Intensity ratio = 0.555


   There are 15 reflections with the USE flag set for this crystal

  Continue with these parameters <Y/N>?y
  Do you want centering on calc positions or list angles? (C,A)<C>:c
  Do you want the chi order of measurement to be optimised? (Y,N)<N>:n
  Do you want centering to continue after failures? (Y,N)<N>:n

 Centering Reflection No.  1 : hkl=   2.0 -0.0 -4.0
 Reflection  1 of 15

     2Theta    Omega      Chi      Phi    Intens Width  Chi2   Eta
    17.0725   0.8429  -5.9075   0.0000       476 0.061     4  0.00
   -17.0925   0.8472  -6.0175   0.0000       478 0.062     3  0.00
   -17.0925  -0.8255 173.9850   0.0000       452 0.063     3  0.00
    17.0825  -0.8355 173.8850   0.0000       512 0.065     4  0.00
    17.0775  -0.8399 185.8950 180.0000       466 0.060     5  0.00
   -17.5150  -0.6153 185.9875 180.0000       488 0.060     6  0.00
   -17.0875   0.8415   6.0100 180.0000       417 0.059     4  0.00
    17.2050   0.7565   6.0750 180.0000       488 0.059     6  0.00

                             Averages:       472 0.061     4  0.00
                                Esd's:        28 0.002     1  0.00
                          ESD/Average:     0.060 0.035 0.232  0.00

     TRUE ANGLES:    17.0722    0.8346   -6.0028    0.0000
          ZEROES:    -0.0438   -0.0004   -0.0109
 CRYSTAL OFFSETS:     0.0190    0.1534    0.0550
         DELTA-H:    -0.0057

 Successes so far:  1, Fails:  0


 Centering Reflection No.  2 : hkl=   1.0 -0.0 -3.0
 Reflection  2 of 15

     2Theta    Omega      Chi      Phi    Intens Width  Chi2   Eta
    11.3600   1.1853 -18.1375   0.0000       489 0.057     2  0.00
   -11.3975   1.1841 -18.2000   0.0000       487 0.059     2  0.00
   -11.3775  -1.1637 161.8050   0.0000       507 0.060     2  0.00
    11.3525  -1.1584 161.6450   0.0000       560 0.061     2  0.00
 **********ERROR**********
Diffractometer halted by user
27-NOV-17:14:13:SINGLE>park
27-NOV-17:14:13:SINGLE>list


 NO     H     K     L    TTH      OMEGA     CHI      PHI   REF  USE INTENSITY
  1   2.0  -0.0  -4.0   17.072    0.835   -6.003    0.000    8    1      472
  2   1.0  -0.0  -3.0   11.381    1.184  -18.122    0.000    0    0        0
  3   2.0  -1.0  -1.0   12.559  -21.252   31.293    0.000    0    1        0
  4   2.0   1.0  -1.0   12.558   20.477   32.720    0.000    0    1        0
  5   2.0   0.0  -2.0   12.789    0.136   16.165    0.000    0    1        0
  6   2.0  -1.0   1.0   13.464  -20.765   64.910    0.000    0    1        0
  7   1.0  -1.0   3.0   13.590  -21.130  104.335    0.000    0    1        0
  8   1.0   1.0   3.0   13.590   17.337  104.475    0.000    0    1        0
  9   1.0  -1.0   4.0   16.702  -17.473  110.114    0.000    0    1        0
 10   1.0   1.0   4.0   16.703   13.660  110.120    0.000    0    1        0
 11   3.0  -1.0   0.0   18.152  -15.227   48.944    0.000    0    1        0
 12   3.0   1.0  -2.0   18.563   13.772   26.906    0.000    0    1        0
 13   2.0   0.0   4.0   19.658   -1.839   95.018    0.000    0    1        0
 14  -3.0   1.0   3.0   19.757   12.988 -164.280    0.000    0    1        0
 15   4.0   0.0   2.0   25.549   -1.351   65.391    0.000    0    1        0

27-NOV-17:14:13:SINGLE>use 1,-15


 NO     H     K     L    TTH      OMEGA     CHI      PHI   REF  USE INTENSITY
  1   2.0  -0.0  -4.0   17.072    0.835   -6.003    0.000    8    1      472
  2   1.0  -0.0  -3.0   11.381    1.184  -18.122    0.000    0    1        0
  3   2.0  -1.0  -1.0   12.559  -21.252   31.293    0.000    0    1        0
  4   2.0   1.0  -1.0   12.558   20.477   32.720    0.000    0    1        0
  5   2.0   0.0  -2.0   12.789    0.136   16.165    0.000    0    1        0
  6   2.0  -1.0   1.0   13.464  -20.765   64.910    0.000    0    1        0
  7   1.0  -1.0   3.0   13.590  -21.130  104.335    0.000    0    1        0
  8   1.0   1.0   3.0   13.590   17.337  104.475    0.000    0    1        0
  9   1.0  -1.0   4.0   16.702  -17.473  110.114    0.000    0    1        0
 10   1.0   1.0   4.0   16.703   13.660  110.120    0.000    0    1        0
 11   3.0  -1.0   0.0   18.152  -15.227   48.944    0.000    0    1        0
 12   3.0   1.0  -2.0   18.563   13.772   26.906    0.000    0    1        0
 13   2.0   0.0   4.0   19.658   -1.839   95.018    0.000    0    1        0
 14  -3.0   1.0   3.0   19.757   12.988 -164.280    0.000    0    1        0
 15   4.0   0.0   2.0   25.549   -1.351   65.391    0.000    0    1        0

27-NOV-17:14:13:SINGLE>zref

 Mat File is: acet_p3_171127.mat

 Peak Centering Parameters
   Minimum Count Rate:  30 cps, Max/Min Ratio:  2.0, Max Time/Step:  10 secs
   Required counts on maximum: 250 cps
   Initial Omega Scan width = 1.00+0.35 tan(th)
   2Theta/omega will be scanned
   Chi scan parameters:    31 steps, width parameter =  0.25
   Final omega scan:  51 steps, width = 0.30+0.35 tan(th)
   Slit settings: Motor 5 = 2.00 Motor 6 = 9.00

   Final omega scan will be fit by PROFILE

   Refinement flags for fitting final omega scans:
   Value of eta is fixed at: 0.00
   Intensity ratio of omega scans is not refined


   Current 2 wavelengths are: 0.709316 and 0.713606   Intensity ratio = 0.555


   There are 15 reflections with the USE flag set for this crystal

  Continue with these parameters <Y/N>?y
  Do you want centering on calc positions or list angles? (C,A)<C>:
  Do you want the chi order of measurement to be optimised? (Y,N)<N>:
  Do you want centering to continue after failures? (Y,N)<N>:

 Centering Reflection No.  1 : hkl=   2.0 -0.0 -4.0
 Reflection  1 of 15

     2Theta    Omega      Chi      Phi    Intens Width  Chi2   Eta
    17.0625   0.8453  -5.9100   0.0000       465 0.063     4  0.00
   -17.0725   0.8378  -5.9950   0.0000       480 0.060     3  0.00
   -17.0775  -0.8306 173.9725   0.0000       438 0.061     4  0.00
    17.0775  -0.8331 173.8625   0.0000       509 0.059     3  0.00
    17.0700  -0.8346 185.8950 180.0000       462 0.060     5  0.00
   -17.0575  -0.8454 185.9900 180.0000       483 0.063     4  0.00
   -17.0700   0.8274   5.9975 180.0000       432 0.062     5  0.00
    17.1325   0.7929   6.0775 180.0000       499 0.060     5  0.00

                             Averages:       471 0.061     4  0.00
                                Esd's:        27 0.001     0  0.00
                          ESD/Average:     0.058 0.024 0.170  0.00

     TRUE ANGLES:    17.0728    0.8334   -6.0038    0.0000
          ZEROES:     0.0081   -0.0010   -0.0137
 CRYSTAL OFFSETS:     0.0216    0.0596    0.0551
         DELTA-H:    -0.0130

 Successes so far:  1, Fails:  0


 Centering Reflection No.  2 : hkl=   1.0 -0.0 -3.0
 Reflection  2 of 15

     2Theta    Omega      Chi      Phi    Intens Width  Chi2   Eta
    11.4650   1.1304 -18.1550   0.0000       515 0.055     2  0.00
   -11.4975   1.2325 -18.2050   0.0000       511 0.059     2  0.00
   -11.3675  -1.1662 161.8300   0.0000       524 0.055     2  0.00
    11.3975  -1.1811 161.6450   0.0000       535 0.057     2  0.00
    11.3800  -1.1754 198.0800 180.0000       513 0.054     3  0.00
   -11.3750  -1.1697 198.2200 180.0000       506 0.057     3  0.00
   -11.2800   1.1203  18.2000 180.0000       500 0.057     3  0.00
    11.4125   1.1389  18.3325 180.0000       534 0.056     3  0.00

                             Averages:       517 0.056     2  0.00
                                Esd's:        12 0.001     0  0.00
                          ESD/Average:     0.025 0.026 0.211  0.00

     TRUE ANGLES:    11.3708    1.1684  -18.2147    0.0000
          ZEROES:     0.0169   -0.0004   -0.0066
 CRYSTAL OFFSETS:     0.0247    0.1015    0.0469
         DELTA-H:    -0.0308

 Successes so far:  2, Fails:  0


 Centering Reflection No.  3 : hkl=   2.0 -1.0 -1.0
 Reflection  3 of 15

     2Theta    Omega      Chi      Phi    Intens Width  Chi2   Eta
    12.5575 -21.2370  31.3050   0.0000       500 0.059     4  0.00
   -12.5650 -21.2386  31.2275   0.0000       480 0.060     3  0.00
   -12.5725  21.2778 211.1925   0.0000       498 0.060     3  0.00
    12.5550  21.2842 211.1625   0.0000       485 0.060     3  0.00
    12.5500  21.2333 148.6675 180.0000       482 0.056     3  0.00
   -12.5600  21.2382 148.7525 180.0000       481 0.058     3  0.00
   -12.5575 -21.2882 -31.2125 180.0000       488 0.057     3  0.00
    12.5475 -21.2703 -31.1900 180.0000       474 0.057     3  0.00

                             Averages:       486 0.058     3  0.00
                                Esd's:         8 0.002     0  0.00
                          ESD/Average:     0.018 0.026 0.085  0.00

     TRUE ANGLES:    12.5634  -21.2578   31.2338    0.0000
          ZEROES:    -0.0056   -0.0029   -0.0119
 CRYSTAL OFFSETS:     0.0199    0.1079    0.0427
         DELTA-H:    -0.0038

 Successes so far:  3, Fails:  0


 Centering Reflection No.  4 : hkl=   2.0  1.0 -1.0
 Reflection  4 of 15

     2Theta    Omega      Chi      Phi    Intens Width  Chi2   Eta
    12.5600  20.4950  32.7075   0.0000       500 0.059     3  0.00
   -12.5525  20.4976  32.6500   0.0000       496 0.058     3  0.00
   -12.5450 -20.5401 212.5825   0.0000       497 0.059     2  0.00
    12.5525 -20.5160 212.5625   0.0000       492 0.060     3  0.00
    12.5550 -20.4950 147.2700 180.0000       514 0.059     3  0.00
   -12.5675 -20.4866 147.3650 180.0000       500 0.056     3  0.00
   -12.5450  20.4956 -32.6125 180.0000       497 0.057     3  0.00
    12.5525  20.5162 -32.5950 180.0000       473 0.058     4  0.00

                             Averages:       496 0.058     3  0.00
                                Esd's:        11 0.001     0  0.00
                          ESD/Average:     0.023 0.023 0.145  0.00

     TRUE ANGLES:    12.5622   20.5065   32.6344    0.0000
          ZEROES:     0.0013   -0.0035   -0.0087
 CRYSTAL OFFSETS:     0.0116    0.0521    0.0348
         DELTA-H:    -0.0102

 Successes so far:  4, Fails:  0


 Centering Reflection No.  5 : hkl=   2.0  0.0 -2.0
 Reflection  5 of 15

     2Theta    Omega      Chi      Phi    Intens Width  Chi2   Eta
    12.7625   0.1561  16.1575   0.0000       313 0.060     3  0.00
   -12.8000   0.1507  16.0950   0.0000       312 0.060     3  0.00
   -12.7825  -0.1472 196.0550   0.0000       328 0.056     3  0.00
    12.7925  -0.1369 196.0100   0.0000       322 0.058     2  0.00
    12.8025  -0.1511 163.8125 180.0000       350 0.057     3  0.00
   -12.7875  -0.1446 163.9050 180.0000       322 0.055     5  0.00
   -12.7675   0.1182 -16.1025 180.0000       330 0.061     3  0.00
    12.7925   0.1315 -16.0200 180.0000       320 0.057     4  0.00

                             Averages:       324 0.058     3  0.00
                                Esd's:        11 0.002     1  0.00
                          ESD/Average:     0.036 0.037 0.274  0.00

     TRUE ANGLES:    12.7915    0.1397   16.0903    0.0000
          ZEROES:     0.0016   -0.0021   -0.0109
 CRYSTAL OFFSETS:     0.0069    0.0237    0.0360
         DELTA-H:     0.0018

 Successes so far:  5, Fails:  0


 Centering Reflection No.  6 : hkl=   2.0 -1.0  1.0
 Reflection  6 of 15

     2Theta    Omega      Chi      Phi    Intens Width  Chi2   Eta
    13.5150 -20.7551  64.8750   0.0000       176 0.058     3  0.00
   -13.4700 -20.7209  64.8375   0.0000       153 0.058     3  0.00
   -13.5175  20.7933 244.8100   0.0000       163 0.060     2  0.00
    13.4675  20.7811 244.8000   0.0000       156 0.055     4  0.00
    13.4925  20.6948 115.1150 180.0000       174 0.059     4  0.00
   -13.4950  20.7373 115.1375 180.0000       163 0.056     4  0.00
   -13.4775 -20.7925 -64.8450 180.0000       165 0.059     3  0.00
    13.4525 -20.7761 -64.8225 180.0000       162 0.055     2  0.00

                             Averages:       164 0.057     3  0.00
                                Esd's:         7 0.002     0  0.00
                          ESD/Average:     0.047 0.034 0.213  0.00

     TRUE ANGLES:    13.4678  -20.7519   64.8422    0.0000
          ZEROES:    -0.0041   -0.0068   -0.0116
 CRYSTAL OFFSETS:     0.0002    0.0437    0.0288
         DELTA-H:     0.0075

 Successes so far:  6, Fails:  0


 Centering Reflection No.  7 : hkl=   1.0 -1.0  3.0
 Reflection  7 of 15

     2Theta    Omega      Chi      Phi    Intens Width  Chi2   Eta
    13.6375 -21.1169 104.2025   0.0000       184 0.058     3  0.00
   -13.6775 -21.0392 104.2700   0.0000       204 0.056     3  0.00
   -13.6450  21.1504 284.2225   0.0000       192 0.055     2  0.00
    13.6700  21.1040 284.2775   0.0000       181 0.059     2  0.00
    13.6750  21.0289  75.8475 180.0000       188 0.057     3  0.00
   -13.5850  21.0754  75.7125 180.0000       177 0.060     2  0.00
   -13.5950 -21.1476-104.2400 180.0000       186 0.056     3  0.00
    13.5900 -21.1367-104.3025 180.0000       185 0.059     3  0.00

                             Averages:       187 0.057     3  0.00
                                Esd's:         8 0.002     0  0.00
                          ESD/Average:     0.043 0.029 0.192  0.00

     TRUE ANGLES:    13.5944  -21.1099  104.2444    0.0000
          ZEROES:     0.0087   -0.0058   -0.0012
 CRYSTAL OFFSETS:     0.0396    0.0332    0.0154
         DELTA-H:     0.0166

 Successes so far:  7, Fails:  0


 Centering Reflection No.  8 : hkl=   1.0  1.0  3.0
 Reflection  8 of 15

     2Theta    Omega      Chi      Phi    Intens Width  Chi2   Eta
    13.5625  17.3826 104.3000   0.0000       202 0.057     3  0.00
   -13.5900  17.3737 104.4050   0.0000       197 0.054     3  0.00
   -13.5775 -17.4307 284.3700   0.0000       189 0.060     3  0.00
    13.6275 -17.4227 284.4700   0.0000       174 0.054     3  0.00
    13.5775 -17.3501  75.6475 180.0000       183 0.059     3  0.00
   -13.6275 -17.3292  75.5775 180.0000       174 0.057     4  0.00
   -13.6025  17.3823-104.4125 180.0000       188 0.058     4  0.00
    13.6025  17.3864-104.4425 180.0000       194 0.055     3  0.00

                             Averages:       188 0.057     3  0.00
                                Esd's:        10 0.002     0  0.00
                          ESD/Average:     0.054 0.038 0.130  0.00

     TRUE ANGLES:    13.5960   17.3805  104.3969    0.0000
          ZEROES:    -0.0034   -0.0027   -0.0106
 CRYSTAL OFFSETS:     0.0196    0.0901    0.0818
         DELTA-H:     0.0095

 Successes so far:  8, Fails:  0


 Centering Reflection No.  9 : hkl=   1.0 -1.0  4.0
 Reflection  9 of 15

     2Theta    Omega      Chi      Phi    Intens Width  Chi2   Eta
    16.7100 -17.4298 109.9350   0.0000       445 0.059     4  0.00
   -16.7175 -17.4132 110.0475   0.0000       360 0.061     2  0.00
   -16.7025  17.4556 290.0250   0.0000       440 0.061     2  0.00
    16.7050  17.4756 290.0725   0.0000       408 0.059     4  0.00
    16.7575  17.3908  70.0325 180.0000       409 0.061     5  0.00
   -16.7125  17.4344  69.9350 180.0000       348 0.057     5  0.00
   -16.7025 -17.4894-110.0300 180.0000       411 0.059     5  0.00
    16.7150 -17.4783-110.0925 180.0000       418 0.060     5  0.00

                             Averages:       405 0.060     4  0.00
                                Esd's:        34 0.001     1  0.00
                          ESD/Average:     0.085 0.024 0.258  0.00

     TRUE ANGLES:    16.7080  -17.4485  110.0294    0.0000
          ZEROES:     0.0066   -0.0035   -0.0094
 CRYSTAL OFFSETS:     0.0310    0.0536    0.0628
         DELTA-H:    -0.0100

 Successes so far:  9, Fails:  0


 Centering Reflection No. 10 : hkl=   1.0  1.0  4.0
 Reflection 10 of 15

     2Theta    Omega      Chi      Phi    Intens Width  Chi2   Eta
    16.7050  13.6957 109.9375   0.0000       430 0.061     4  0.00
   -16.7100  13.6999 110.0450   0.0000       425 0.059     2  0.00
   -16.7600 -13.7137 290.0150   0.0000       405 0.063     3  0.00
    16.7575 -13.7425 290.0775   0.0000       411 0.061     2  0.00
    16.7125 -13.6916  70.0150 180.0000       405 0.058     4  0.00
   -16.7125 -13.6708  69.9550 180.0000       414 0.060     4  0.00
   -16.7050  13.6937-110.0225 180.0000       414 0.061     3  0.00
    16.7025  13.7169-110.0900 180.0000       419 0.060     5  0.00

                             Averages:       415 0.060     3  0.00
                                Esd's:         8 0.002     0  0.00
                          ESD/Average:     0.021 0.025 0.228  0.00

     TRUE ANGLES:    16.7130   13.7028  110.0272    0.0000
          ZEROES:    -0.0013   -0.0022   -0.0084
 CRYSTAL OFFSETS:     0.0253    0.1159    0.0657
         DELTA-H:    -0.0171

 Successes so far: 10, Fails:  0


 Centering Reflection No. 11 : hkl=   3.0 -1.0  0.0
 Reflection 11 of 15

     2Theta    Omega      Chi      Phi    Intens Width  Chi2   Eta
    18.1375 -15.1982  48.9075   0.0000       185 0.062     4  0.00
   -18.1175 -15.2173  48.8825   0.0000       181 0.065     3  0.00
   -18.1375  15.2180 228.8450   0.0000       179 0.062     3  0.00
    18.1300  15.2602 228.8275   0.0000       184 0.060     5  0.00
    18.1400  15.1924 131.0475 180.0000       187 0.061     3  0.00
   -18.1600  15.2033 131.1025 180.0000       174 0.059     4  0.00
   -18.1775 -15.2441 -48.8525 180.0000       182 0.062     3  0.00
    18.1475 -15.2312 -48.8425 180.0000       186 0.062     4  0.00

                             Averages:       182 0.062     4  0.00
                                Esd's:         4 0.002     0  0.00
                          ESD/Average:     0.023 0.025 0.157  0.00

     TRUE ANGLES:    18.1593  -15.2195   48.8759    0.0000
          ZEROES:    -0.0047   -0.0045   -0.0103
 CRYSTAL OFFSETS:    -0.0074    0.0507    0.0193
         DELTA-H:    -0.0134

 Successes so far: 11, Fails:  0


 Centering Reflection No. 12 : hkl=   3.0  1.0 -2.0
 Reflection 12 of 15

     2Theta    Omega      Chi      Phi    Intens Width  Chi2   Eta
    18.5875  13.7808  26.8750   0.0000       185 0.061     5  0.00
   -18.5825  13.8001  26.8150   0.0000       182 0.064     3  0.00
   -18.5775 -13.8087 206.7900   0.0000       202 0.061     3  0.00
    18.5800 -13.8042 206.7375   0.0000       180 0.061     3  0.00
    18.5475 -13.7853 153.0750 180.0000       184 0.061     3  0.00
   -18.6200 -13.7557 153.1575 180.0000       182 0.064     4  0.00
   -18.5425  13.7687 -26.8100 180.0000       178 0.060     4  0.00
    18.5750  13.7934 -26.7825 180.0000       166 0.067     3  0.00

                             Averages:       182 0.063     3  0.00
                                Esd's:         9 0.002     0  0.00
                          ESD/Average:     0.054 0.038 0.172  0.00

     TRUE ANGLES:    18.5716   13.7938   26.8222    0.0000
          ZEROES:    -0.0041   -0.0034   -0.0178
 CRYSTAL OFFSETS:     0.0021    0.0774    0.0441
         DELTA-H:    -0.0172

 Successes so far: 12, Fails:  0


 Centering Reflection No. 13 : hkl=   2.0  0.0  4.0
 Reflection 13 of 15

     2Theta    Omega      Chi      Phi    Intens Width  Chi2   Eta
    19.6925  -1.8299  94.8900   0.0000       100 0.064     2  0.00
   -19.6575  -1.8043  94.9325   0.0000        88 0.062     3  0.00
   -19.6700   1.7902 274.8975   0.0000        95 0.063     2  0.00
    19.6725   1.8147 274.9450   0.0000        82 0.061     3  0.00
    19.6700   1.7888  85.0900 180.0000        91 0.064     3  0.00
   -19.6650   1.8078  85.0575 180.0000        88 0.066     4  0.00
   -19.6125  -1.8615 -94.9550 180.0000        89 0.062     3  0.00
    19.6100  -1.7806 -94.9675 180.0000        78 0.063     3  0.00

                             Averages:        89 0.063     3  0.00
                                Esd's:         6 0.001     0  0.00
                          ESD/Average:     0.076 0.024 0.168  0.00

     TRUE ANGLES:    19.6714   -1.8082   94.9300    0.0000
          ZEROES:     0.0050   -0.0069   -0.0137
 CRYSTAL OFFSETS:     0.0221    0.0253    0.0224
         DELTA-H:     0.0093

 Successes so far: 13, Fails:  0


 Centering Reflection No. 14 : hkl=  -3.0  1.0  3.0
 Reflection 14 of 15

     2Theta    Omega      Chi      Phi    Intens Width  Chi2   Eta
    19.7750  13.0038-164.4300   0.0000       190 0.063     4  0.00
   -19.7550  12.9953-164.3850   0.0000       212 0.062     4  0.00
   -19.7800 -12.9763  15.6550   0.0000       196 0.065     2  0.00
    19.7500 -12.9848  15.7375   0.0000       192 0.062     4  0.00
    19.7675 -13.0106 344.4150 180.0000       192 0.062     3  0.00
   -19.7625 -13.0111 344.3650 180.0000       201 0.060     4  0.00
   -19.7825  13.0031 164.3300 180.0000       208 0.062     5  0.00
    19.7775  12.9759 164.2425 180.0000       205 0.063     4  0.00

                             Averages:       200 0.063     4  0.00
                                Esd's:         8 0.001     0  0.00
                          ESD/Average:     0.041 0.021 0.189  0.00

     TRUE ANGLES:    19.7621   12.9976 -164.3469    0.0000
          ZEROES:    -0.0013   -0.0012   -0.0088
 CRYSTAL OFFSETS:     0.0112    0.0623    0.0535
         DELTA-H:     0.0000

 Successes so far: 14, Fails:  0


 Centering Reflection No. 15 : hkl=   4.0  0.0  2.0
 Reflection 15 of 15

     2Theta    Omega      Chi      Phi    Intens Width  Chi2   Eta
    25.5525  -1.3184  65.3250   0.0000       160 0.062     3  0.00
   -25.5175  -1.3280  65.3350   0.0000       167 0.064     2  0.00
   -25.5900   1.3179 245.2950   0.0000       164 0.063     3  0.00
    25.5250   1.3609 245.2950   0.0000       159 0.063     3  0.00
    25.5550   1.3036 114.6725 180.0000       171 0.061     3  0.00
   -25.5850   1.3394 114.6750 180.0000       171 0.064     3  0.00
   -25.5725  -1.3498 -65.3100 180.0000       164 0.064     2  0.00
    25.6025  -1.3500 -65.2975 180.0000       163 0.064     2  0.00

                             Averages:       165 0.063     2  0.00
                                Esd's:         4 0.001     0  0.00
                          ESD/Average:     0.027 0.018 0.106  0.00

     TRUE ANGLES:    25.5666   -1.3235   65.3138    0.0000
          ZEROES:    -0.0037   -0.0049   -0.0013
 CRYSTAL OFFSETS:     0.0159    0.1041    0.0374
         DELTA-H:     0.0000

 Successes so far: 15, Fails:  0



   AVERAGE ZEROES AND OFFSETS FROM 15 REFLECTIONS WITH 4 OR 8 EQUIVALENTS
     Angles:     0.001   -0.003   -0.010
     DeltaH:    -0.005
       Xtal:     0.016    0.067    0.043

27-NOV-17:19:46:SINGLE>list


 NO     H     K     L    TTH      OMEGA     CHI      PHI   REF  USE INTENSITY
  1   2.0  -0.0  -4.0   17.073    0.833   -6.004    0.000    8    1      471
  2   1.0  -0.0  -3.0   11.371    1.168  -18.215    0.000    8    1      517
  3   2.0  -1.0  -1.0   12.563  -21.258   31.234    0.000    8    1      486
  4   2.0   1.0  -1.0   12.562   20.507   32.634    0.000    8    1      496
  5   2.0   0.0  -2.0   12.792    0.140   16.090    0.000    8    1      324
  6   2.0  -1.0   1.0   13.468  -20.752   64.842    0.000    8    1      164
  7   1.0  -1.0   3.0   13.594  -21.110  104.244    0.000    8    1      187
  8   1.0   1.0   3.0   13.596   17.380  104.397    0.000    8    1      188
  9   1.0  -1.0   4.0   16.708  -17.449  110.029    0.000    8    1      405
 10   1.0   1.0   4.0   16.713   13.703  110.027    0.000    8    1      415
 11   3.0  -1.0   0.0   18.159  -15.219   48.876    0.000    8    1      182
 12   3.0   1.0  -2.0   18.572   13.794   26.822    0.000    8    1      182
 13   2.0   0.0   4.0   19.671   -1.808   94.930    0.000    8    1       89
 14  -3.0   1.0   3.0   19.762   12.998 -164.347    0.000    8    1      200
 15   4.0   0.0   2.0   25.567   -1.324   65.314    0.000    8    1      165

28-NOV-17:10:56:SINGLE>lsq


   N  H  K  L    TTHO    TTHC         Vector Deltas

   1  2  0 -4   17.07   17.07   -0.00001  0.00001  0.00000
   2  1  0 -3   11.37   11.37   -0.00002  0.00000  0.00001
   3  2 -1 -1   12.56   12.56   -0.00002 -0.00000  0.00001
   4  2  1 -1   12.56   12.56   -0.00004 -0.00000 -0.00006
   5  2  0 -2   12.79   12.79   -0.00003  0.00000 -0.00001
   6  2 -1  1   13.47   13.47   -0.00004  0.00002 -0.00007
   7  1 -1  3   13.59   13.60    0.00003  0.00001 -0.00005
   8  1  1  3   13.60   13.60   -0.00006 -0.00002 -0.00008
   9  1 -1  4   16.71   16.71   -0.00002  0.00003 -0.00004
  10  1  1  4   16.71   16.71   -0.00001  0.00001  0.00003
  11  3 -1  0   18.16   18.16   -0.00000 -0.00003 -0.00002
  12  3  1 -2   18.57   18.57    0.00004  0.00003 -0.00003
  13  2  0  4   19.67   19.67    0.00000 -0.00002  0.00007
  14 -3  1  3   19.76   19.76   -0.00000  0.00001 -0.00001
  15  4  0  2   25.57   25.56    0.00005 -0.00000  0.00009

      15 Reflections used

Orientation Matrix:
     0.09371    -0.00125    -0.05720
    -0.00227     0.10996    -0.00266
     0.10895     0.00340     0.06542



 Cell      7.02901   9.08924  11.62020  90.011  98.158  90.009  734.8826
 Sigmas    0.00027   0.00047   0.00056   0.008   0.003   0.007    0.0588

28-NOV-17:10:56:SINGLE>clsq

Crystal Systems: 1-Monoclinic (B-unique), 2-Monoclinic (C-unique)
3-Orthorhombic, 4-Tetragonal, 5-Hexagonal, 6-Cubic, 7-Rhombohedral
CLSQ: Input choice>1
Results for Constrained Refinement


                  OBS     CAL             Vector Deltas
   N   h   k   l  2TH     2TH        Del X     Del Y     Del Z     Length

   1   2   0  -4  17.073  17.073  -0.00001  -0.00000   0.00000     0.00001
   2   1   0  -3  11.371  11.372  -0.00002  -0.00001   0.00001     0.00003
   3   2  -1  -1  12.563  12.564  -0.00002  -0.00000  -0.00001     0.00002
   4   2   1  -1  12.562  12.564  -0.00004  -0.00000  -0.00003     0.00005
   5   2   0  -2  12.792  12.793  -0.00003  -0.00000  -0.00001     0.00003
   6   2  -1   1  13.468  13.472  -0.00004   0.00002  -0.00009     0.00010
   7   1  -1   3  13.594  13.598   0.00003   0.00002  -0.00007     0.00008
   8   1   1   3  13.596  13.598  -0.00006  -0.00001  -0.00006     0.00008
   9   1  -1   4  16.708  16.711  -0.00002   0.00004  -0.00007     0.00008
  10   1   1   4  16.713  16.711  -0.00001   0.00002   0.00005     0.00006
  11   3  -1   0  18.159  18.160  -0.00000  -0.00002  -0.00004     0.00005
  12   3   1  -2  18.572  18.570   0.00004   0.00002  -0.00000     0.00005
  13   2   0   4  19.671  19.668   0.00000  -0.00001   0.00008     0.00008
  14  -3   1   3  19.762  19.762  -0.00000   0.00002   0.00001     0.00002
  15   4   0   2  25.567  25.562   0.00005   0.00001   0.00010     0.00011

      15 Reflections used


 Cell      7.02907   9.08928  11.62019  90.000  98.158  90.000  734.8914
 Sigmas    0.00028   0.00097   0.00036   0.000   0.003   0.000    0.0862


